The target system is: Android - 1 - armv7-a
The host system is: Linux - 4.10.0-40-generic - x86_64
Compiling the C compiler identification source file "CMakeCCompilerId.c" succeeded.
Compiler: /home/edward/installation/android-ndk-r10e/toolchains/arm-linux-androideabi-4.9/prebuilt/linux-x86_64/bin/arm-linux-androideabi-gcc 
Build flags: -Wno-psabi;--sysroot=/home/edward/installation/android-ndk-r10e/platforms/android-16/arch-arm;-funwind-tables;-finline-limit=64;-fsigned-char;-no-canonical-prefixes;-march=armv7-a;-mfloat-abi=softfp;-mfpu=vfpv3-d16;-fdata-sections;-ffunction-sections;-Wa,--noexecstack;
Id flags: 

The output was:
0


Compilation of the C compiler identification source "CMakeCCompilerId.c" produced "a.out"

The C compiler identification is GNU, found in "/home/edward/code/Circle/android-build/CMakeFiles/3.5.1/CompilerIdC/a.out"

Compiling the CXX compiler identification source file "CMakeCXXCompilerId.cpp" succeeded.
Compiler: /home/edward/installation/android-ndk-r10e/toolchains/arm-linux-androideabi-4.9/prebuilt/linux-x86_64/bin/arm-linux-androideabi-g++ 
Build flags: -Wno-psabi;--sysroot=/home/edward/installation/android-ndk-r10e/platforms/android-16/arch-arm;-funwind-tables;-finline-limit=64;-fsigned-char;-no-canonical-prefixes;-march=armv7-a;-mfloat-abi=softfp;-mfpu=vfpv3-d16;-fdata-sections;-ffunction-sections;-Wa,--noexecstack;
Id flags: 

The output was:
0


Compilation of the CXX compiler identification source "CMakeCXXCompilerId.cpp" produced "a.out"

The CXX compiler identification is GNU, found in "/home/edward/code/Circle/android-build/CMakeFiles/3.5.1/CompilerIdCXX/a.out"

Determining if the C compiler works passed with the following output:
Change Dir: /home/edward/code/Circle/android-build/CMakeFiles/CMakeTmp

Run Build Command:"/usr/bin/make" "cmTC_e7def/fast"
/usr/bin/make -f CMakeFiles/cmTC_e7def.dir/build.make CMakeFiles/cmTC_e7def.dir/build
make[1]: Entering directory '/home/edward/code/Circle/android-build/CMakeFiles/CMakeTmp'
Building C object CMakeFiles/cmTC_e7def.dir/testCCompiler.c.o
/home/edward/installation/android-ndk-r10e/toolchains/arm-linux-androideabi-4.9/prebuilt/linux-x86_64/bin/arm-linux-androideabi-gcc  -DANDROID -isystem /home/edward/installation/android-ndk-r10e/platforms/android-16/arch-arm/usr/include -isystem /home/edward/installation/android-ndk-r10e/sources/cxx-stl/gnu-libstdc++/4.9/include -isystem /home/edward/installation/android-ndk-r10e/sources/cxx-stl/gnu-libstdc++/4.9/libs/armeabi-v7a/include -isystem /home/edward/installation/android-ndk-r10e/sources/cxx-stl/gnu-libstdc++/4.9/include/backward  -Wno-psabi --sysroot=/home/edward/installation/android-ndk-r10e/platforms/android-16/arch-arm -funwind-tables -finline-limit=64 -fsigned-char -no-canonical-prefixes -march=armv7-a -mfloat-abi=softfp -mfpu=vfpv3-d16 -fdata-sections -ffunction-sections -Wa,--noexecstack   -fPIE   -o CMakeFiles/cmTC_e7def.dir/testCCompiler.c.o   -c /home/edward/code/Circle/android-build/CMakeFiles/CMakeTmp/testCCompiler.c
Linking C executable cmTC_e7def
/usr/bin/cmake -E cmake_link_script CMakeFiles/cmTC_e7def.dir/link.txt --verbose=1
/home/edward/installation/android-ndk-r10e/toolchains/arm-linux-androideabi-4.9/prebuilt/linux-x86_64/bin/arm-linux-androideabi-gcc  -Wno-psabi --sysroot=/home/edward/installation/android-ndk-r10e/platforms/android-16/arch-arm -funwind-tables -finline-limit=64 -fsigned-char -no-canonical-prefixes -march=armv7-a -mfloat-abi=softfp -mfpu=vfpv3-d16 -fdata-sections -ffunction-sections -Wa,--noexecstack     -Wl,--fix-cortex-a8 -Wl,--no-undefined -Wl,--gc-sections -Wl,-z,noexecstack -Wl,-z,relro -Wl,-z,now -Wl,-z,nocopyreloc -fPIE -pie  CMakeFiles/cmTC_e7def.dir/testCCompiler.c.o -o cmTC_e7def  -L/libs/armeabi-v7a   "/home/edward/installation/android-ndk-r10e/sources/cxx-stl/gnu-libstdc++/4.9/libs/armeabi-v7a/libsupc++.a"
make[1]: Leaving directory '/home/edward/code/Circle/android-build/CMakeFiles/CMakeTmp'


Detecting C compiler ABI info compiled with the following output:
Change Dir: /home/edward/code/Circle/android-build/CMakeFiles/CMakeTmp

Run Build Command:"/usr/bin/make" "cmTC_f3031/fast"
/usr/bin/make -f CMakeFiles/cmTC_f3031.dir/build.make CMakeFiles/cmTC_f3031.dir/build
make[1]: Entering directory '/home/edward/code/Circle/android-build/CMakeFiles/CMakeTmp'
Building C object CMakeFiles/cmTC_f3031.dir/CMakeCCompilerABI.c.o
/home/edward/installation/android-ndk-r10e/toolchains/arm-linux-androideabi-4.9/prebuilt/linux-x86_64/bin/arm-linux-androideabi-gcc  -DANDROID -isystem /home/edward/installation/android-ndk-r10e/platforms/android-16/arch-arm/usr/include -isystem /home/edward/installation/android-ndk-r10e/sources/cxx-stl/gnu-libstdc++/4.9/include -isystem /home/edward/installation/android-ndk-r10e/sources/cxx-stl/gnu-libstdc++/4.9/libs/armeabi-v7a/include -isystem /home/edward/installation/android-ndk-r10e/sources/cxx-stl/gnu-libstdc++/4.9/include/backward  -Wno-psabi --sysroot=/home/edward/installation/android-ndk-r10e/platforms/android-16/arch-arm -funwind-tables -finline-limit=64 -fsigned-char -no-canonical-prefixes -march=armv7-a -mfloat-abi=softfp -mfpu=vfpv3-d16 -fdata-sections -ffunction-sections -Wa,--noexecstack   -fPIE   -o CMakeFiles/cmTC_f3031.dir/CMakeCCompilerABI.c.o   -c /usr/share/cmake-3.5/Modules/CMakeCCompilerABI.c
Linking C executable cmTC_f3031
/usr/bin/cmake -E cmake_link_script CMakeFiles/cmTC_f3031.dir/link.txt --verbose=1
/home/edward/installation/android-ndk-r10e/toolchains/arm-linux-androideabi-4.9/prebuilt/linux-x86_64/bin/arm-linux-androideabi-gcc  -Wno-psabi --sysroot=/home/edward/installation/android-ndk-r10e/platforms/android-16/arch-arm -funwind-tables -finline-limit=64 -fsigned-char -no-canonical-prefixes -march=armv7-a -mfloat-abi=softfp -mfpu=vfpv3-d16 -fdata-sections -ffunction-sections -Wa,--noexecstack     -Wl,--fix-cortex-a8 -Wl,--no-undefined -Wl,--gc-sections -Wl,-z,noexecstack -Wl,-z,relro -Wl,-z,now -Wl,-z,nocopyreloc -fPIE -pie -v CMakeFiles/cmTC_f3031.dir/CMakeCCompilerABI.c.o -o cmTC_f3031  -L/libs/armeabi-v7a    "/home/edward/installation/android-ndk-r10e/sources/cxx-stl/gnu-libstdc++/4.9/libs/armeabi-v7a/libsupc++.a"
Using built-in specs.
COLLECT_GCC=/home/edward/installation/android-ndk-r10e/toolchains/arm-linux-androideabi-4.9/prebuilt/linux-x86_64/bin/arm-linux-androideabi-gcc
COLLECT_LTO_WRAPPER=/home/edward/installation/android-ndk-r10e/toolchains/arm-linux-androideabi-4.9/prebuilt/linux-x86_64/bin/../libexec/gcc/arm-linux-androideabi/4.9/lto-wrapper
Target: arm-linux-androideabi
Configured with: /s/ndk-toolchain/src/build/../gcc/gcc-4.9/configure --prefix=/tmp/ndk-andrewhsieh/build/toolchain/prefix --target=arm-linux-androideabi --host=x86_64-linux-gnu --build=x86_64-linux-gnu --with-gnu-as --with-gnu-ld --enable-languages=c,c++ --with-gmp=/tmp/ndk-andrewhsieh/build/toolchain/temp-install --with-mpfr=/tmp/ndk-andrewhsieh/build/toolchain/temp-install --with-mpc=/tmp/ndk-andrewhsieh/build/toolchain/temp-install --with-cloog=/tmp/ndk-andrewhsieh/build/toolchain/temp-install --with-isl=/tmp/ndk-andrewhsieh/build/toolchain/temp-install --with-ppl=/tmp/ndk-andrewhsieh/build/toolchain/temp-install --disable-ppl-version-check --disable-cloog-version-check --disable-isl-version-check --enable-cloog-backend=isl --with-host-libstdcxx='-static-libgcc -Wl,-Bstatic,-lstdc++,-Bdynamic -lm' --disable-libssp --enable-threads --disable-nls --disable-libmudflap --disable-libgomp --disable-libstdc__-v3 --disable-sjlj-exceptions --disable-shared --disable-tls --disable-libitm --with-float=soft --with-fpu=vfp --with-arch=armv5te --enable-target-optspace --enable-initfini-array --disable-nls --prefix=/tmp/ndk-andrewhsieh/build/toolchain/prefix --with-sysroot=/tmp/ndk-andrewhsieh/build/toolchain/prefix/sysroot --with-binutils-version=2.25 --with-mpfr-version=3.1.1 --with-mpc-version=1.0.1 --with-gmp-version=5.0.5 --with-gcc-version=4.9 --with-gdb-version=7.7 --with-python=/usr/local/google/home/andrewhsieh/mydroid/ndk/prebuilt/linux-x86_64/bin/python-config.sh --with-gxx-include-dir=/tmp/ndk-andrewhsieh/build/toolchain/prefix/include/c++/4.9 --with-bugurl=http://source.android.com/source/report-bugs.html --enable-languages=c,c++ --disable-bootstrap --enable-plugins --enable-libgomp --enable-gnu-indirect-function --disable-libsanitizer --enable-gold --enable-threads --enable-graphite=yes --with-cloog-version=0.18.0 --with-isl-version=0.11.1 --enable-eh-frame-hdr-for-static --with-arch=armv5te --program-transform-name='s&^&arm-linux-androideabi-&' --enable-gold=default
Thread model: posix
gcc version 4.9 20140827 (prerelease) (GCC) 
COMPILER_PATH=/home/edward/installation/android-ndk-r10e/toolchains/arm-linux-androideabi-4.9/prebuilt/linux-x86_64/bin/../libexec/gcc/arm-linux-androideabi/4.9/:/home/edward/installation/android-ndk-r10e/toolchains/arm-linux-androideabi-4.9/prebuilt/linux-x86_64/bin/../libexec/gcc/:/home/edward/installation/android-ndk-r10e/toolchains/arm-linux-androideabi-4.9/prebuilt/linux-x86_64/bin/../lib/gcc/arm-linux-androideabi/4.9/../../../../arm-linux-androideabi/bin/
LIBRARY_PATH=/home/edward/installation/android-ndk-r10e/toolchains/arm-linux-androideabi-4.9/prebuilt/linux-x86_64/bin/../lib/gcc/arm-linux-androideabi/4.9/armv7-a/:/home/edward/installation/android-ndk-r10e/toolchains/arm-linux-androideabi-4.9/prebuilt/linux-x86_64/bin/../lib/gcc/arm-linux-androideabi/4.9/../../../../arm-linux-androideabi/lib/armv7-a/:/home/edward/installation/android-ndk-r10e/toolchains/arm-linux-androideabi-4.9/prebuilt/linux-x86_64/bin/../lib/gcc/arm-linux-androideabi/4.9/:/home/edward/installation/android-ndk-r10e/toolchains/arm-linux-androideabi-4.9/prebuilt/linux-x86_64/bin/../lib/gcc/:/home/edward/installation/android-ndk-r10e/toolchains/arm-linux-androideabi-4.9/prebuilt/linux-x86_64/bin/../lib/gcc/arm-linux-androideabi/4.9/../../../../arm-linux-androideabi/lib/:/home/edward/installation/android-ndk-r10e/platforms/android-16/arch-arm/usr/lib/
COLLECT_GCC_OPTIONS='-Wno-psabi' '-funwind-tables' '-finline-limit=64' '-fsigned-char' '-march=armv7-a' '-mfloat-abi=softfp' '-mfpu=vfpv3-d16' '-fdata-sections' '-ffunction-sections' '-fPIE' '-pie' '-v' '-o' 'cmTC_f3031' '-L/libs/armeabi-v7a' '-mtls-dialect=gnu'
 /home/edward/installation/android-ndk-r10e/toolchains/arm-linux-androideabi-4.9/prebuilt/linux-x86_64/bin/../libexec/gcc/arm-linux-androideabi/4.9/collect2 -plugin /home/edward/installation/android-ndk-r10e/toolchains/arm-linux-androideabi-4.9/prebuilt/linux-x86_64/bin/../libexec/gcc/arm-linux-androideabi/4.9/liblto_plugin.so -plugin-opt=/home/edward/installation/android-ndk-r10e/toolchains/arm-linux-androideabi-4.9/prebuilt/linux-x86_64/bin/../libexec/gcc/arm-linux-androideabi/4.9/lto-wrapper -plugin-opt=-fresolution=/tmp/ccMNWjCL.res -plugin-opt=-pass-through=-lgcc -plugin-opt=-pass-through=-lc -plugin-opt=-pass-through=-ldl -plugin-opt=-pass-through=-lgcc --sysroot=/home/edward/installation/android-ndk-r10e/platforms/android-16/arch-arm --eh-frame-hdr -dynamic-linker /system/bin/linker -X -m armelf_linux_eabi -z noexecstack -z relro -z now -pie -o cmTC_f3031 /home/edward/installation/android-ndk-r10e/platforms/android-16/arch-arm/usr/lib/crtbegin_dynamic.o -L/libs/armeabi-v7a -L/home/edward/installation/android-ndk-r10e/toolchains/arm-linux-androideabi-4.9/prebuilt/linux-x86_64/bin/../lib/gcc/arm-linux-androideabi/4.9/armv7-a -L/home/edward/installation/android-ndk-r10e/toolchains/arm-linux-androideabi-4.9/prebuilt/linux-x86_64/bin/../lib/gcc/arm-linux-androideabi/4.9/../../../../arm-linux-androideabi/lib/armv7-a -L/home/edward/installation/android-ndk-r10e/toolchains/arm-linux-androideabi-4.9/prebuilt/linux-x86_64/bin/../lib/gcc/arm-linux-androideabi/4.9 -L/home/edward/installation/android-ndk-r10e/toolchains/arm-linux-androideabi-4.9/prebuilt/linux-x86_64/bin/../lib/gcc -L/home/edward/installation/android-ndk-r10e/toolchains/arm-linux-androideabi-4.9/prebuilt/linux-x86_64/bin/../lib/gcc/arm-linux-androideabi/4.9/../../../../arm-linux-androideabi/lib -L/home/edward/installation/android-ndk-r10e/platforms/android-16/arch-arm/usr/lib --fix-cortex-a8 --no-undefined --gc-sections -z noexecstack -z relro -z now -z nocopyreloc CMakeFiles/cmTC_f3031.dir/CMakeCCompilerABI.c.o /home/edward/installation/android-ndk-r10e/sources/cxx-stl/gnu-libstdc++/4.9/libs/armeabi-v7a/libsupc++.a -lgcc -lc -ldl -lgcc /home/edward/installation/android-ndk-r10e/platforms/android-16/arch-arm/usr/lib/crtend_android.o
make[1]: Leaving directory '/home/edward/code/Circle/android-build/CMakeFiles/CMakeTmp'


Parsed C implicit link information from above output:
  link line regex: [^( *|.*[/\])(arm-linux-androideabi-ld|([^/\]+-)?ld|collect2)[^/\]*( |$)]
  ignore line: [Change Dir: /home/edward/code/Circle/android-build/CMakeFiles/CMakeTmp]
  ignore line: []
  ignore line: [Run Build Command:"/usr/bin/make" "cmTC_f3031/fast"]
  ignore line: [/usr/bin/make -f CMakeFiles/cmTC_f3031.dir/build.make CMakeFiles/cmTC_f3031.dir/build]
  ignore line: [make[1]: Entering directory '/home/edward/code/Circle/android-build/CMakeFiles/CMakeTmp']
  ignore line: [Building C object CMakeFiles/cmTC_f3031.dir/CMakeCCompilerABI.c.o]
  ignore line: [/home/edward/installation/android-ndk-r10e/toolchains/arm-linux-androideabi-4.9/prebuilt/linux-x86_64/bin/arm-linux-androideabi-gcc  -DANDROID -isystem /home/edward/installation/android-ndk-r10e/platforms/android-16/arch-arm/usr/include -isystem /home/edward/installation/android-ndk-r10e/sources/cxx-stl/gnu-libstdc++/4.9/include -isystem /home/edward/installation/android-ndk-r10e/sources/cxx-stl/gnu-libstdc++/4.9/libs/armeabi-v7a/include -isystem /home/edward/installation/android-ndk-r10e/sources/cxx-stl/gnu-libstdc++/4.9/include/backward  -Wno-psabi --sysroot=/home/edward/installation/android-ndk-r10e/platforms/android-16/arch-arm -funwind-tables -finline-limit=64 -fsigned-char -no-canonical-prefixes -march=armv7-a -mfloat-abi=softfp -mfpu=vfpv3-d16 -fdata-sections -ffunction-sections -Wa,--noexecstack   -fPIE   -o CMakeFiles/cmTC_f3031.dir/CMakeCCompilerABI.c.o   -c /usr/share/cmake-3.5/Modules/CMakeCCompilerABI.c]
  ignore line: [Linking C executable cmTC_f3031]
  ignore line: [/usr/bin/cmake -E cmake_link_script CMakeFiles/cmTC_f3031.dir/link.txt --verbose=1]
  ignore line: [/home/edward/installation/android-ndk-r10e/toolchains/arm-linux-androideabi-4.9/prebuilt/linux-x86_64/bin/arm-linux-androideabi-gcc  -Wno-psabi --sysroot=/home/edward/installation/android-ndk-r10e/platforms/android-16/arch-arm -funwind-tables -finline-limit=64 -fsigned-char -no-canonical-prefixes -march=armv7-a -mfloat-abi=softfp -mfpu=vfpv3-d16 -fdata-sections -ffunction-sections -Wa,--noexecstack     -Wl,--fix-cortex-a8 -Wl,--no-undefined -Wl,--gc-sections -Wl,-z,noexecstack -Wl,-z,relro -Wl,-z,now -Wl,-z,nocopyreloc -fPIE -pie -v CMakeFiles/cmTC_f3031.dir/CMakeCCompilerABI.c.o -o cmTC_f3031  -L/libs/armeabi-v7a    "/home/edward/installation/android-ndk-r10e/sources/cxx-stl/gnu-libstdc++/4.9/libs/armeabi-v7a/libsupc++.a"]
  ignore line: [Using built-in specs.]
  ignore line: [COLLECT_GCC=/home/edward/installation/android-ndk-r10e/toolchains/arm-linux-androideabi-4.9/prebuilt/linux-x86_64/bin/arm-linux-androideabi-gcc]
  ignore line: [COLLECT_LTO_WRAPPER=/home/edward/installation/android-ndk-r10e/toolchains/arm-linux-androideabi-4.9/prebuilt/linux-x86_64/bin/../libexec/gcc/arm-linux-androideabi/4.9/lto-wrapper]
  ignore line: [Target: arm-linux-androideabi]
  ignore line: [Configured with: /s/ndk-toolchain/src/build/../gcc/gcc-4.9/configure --prefix=/tmp/ndk-andrewhsieh/build/toolchain/prefix --target=arm-linux-androideabi --host=x86_64-linux-gnu --build=x86_64-linux-gnu --with-gnu-as --with-gnu-ld --enable-languages=c,c++ --with-gmp=/tmp/ndk-andrewhsieh/build/toolchain/temp-install --with-mpfr=/tmp/ndk-andrewhsieh/build/toolchain/temp-install --with-mpc=/tmp/ndk-andrewhsieh/build/toolchain/temp-install --with-cloog=/tmp/ndk-andrewhsieh/build/toolchain/temp-install --with-isl=/tmp/ndk-andrewhsieh/build/toolchain/temp-install --with-ppl=/tmp/ndk-andrewhsieh/build/toolchain/temp-install --disable-ppl-version-check --disable-cloog-version-check --disable-isl-version-check --enable-cloog-backend=isl --with-host-libstdcxx='-static-libgcc -Wl,-Bstatic,-lstdc++,-Bdynamic -lm' --disable-libssp --enable-threads --disable-nls --disable-libmudflap --disable-libgomp --disable-libstdc__-v3 --disable-sjlj-exceptions --disable-shared --disable-tls --disable-libitm --with-float=soft --with-fpu=vfp --with-arch=armv5te --enable-target-optspace --enable-initfini-array --disable-nls --prefix=/tmp/ndk-andrewhsieh/build/toolchain/prefix --with-sysroot=/tmp/ndk-andrewhsieh/build/toolchain/prefix/sysroot --with-binutils-version=2.25 --with-mpfr-version=3.1.1 --with-mpc-version=1.0.1 --with-gmp-version=5.0.5 --with-gcc-version=4.9 --with-gdb-version=7.7 --with-python=/usr/local/google/home/andrewhsieh/mydroid/ndk/prebuilt/linux-x86_64/bin/python-config.sh --with-gxx-include-dir=/tmp/ndk-andrewhsieh/build/toolchain/prefix/include/c++/4.9 --with-bugurl=http://source.android.com/source/report-bugs.html --enable-languages=c,c++ --disable-bootstrap --enable-plugins --enable-libgomp --enable-gnu-indirect-function --disable-libsanitizer --enable-gold --enable-threads --enable-graphite=yes --with-cloog-version=0.18.0 --with-isl-version=0.11.1 --enable-eh-frame-hdr-for-static --with-arch=armv5te --program-transform-name='s&^&arm-linux-androideabi-&' --enable-gold=default]
  ignore line: [Thread model: posix]
  ignore line: [gcc version 4.9 20140827 (prerelease) (GCC) ]
  ignore line: [COMPILER_PATH=/home/edward/installation/android-ndk-r10e/toolchains/arm-linux-androideabi-4.9/prebuilt/linux-x86_64/bin/../libexec/gcc/arm-linux-androideabi/4.9/:/home/edward/installation/android-ndk-r10e/toolchains/arm-linux-androideabi-4.9/prebuilt/linux-x86_64/bin/../libexec/gcc/:/home/edward/installation/android-ndk-r10e/toolchains/arm-linux-androideabi-4.9/prebuilt/linux-x86_64/bin/../lib/gcc/arm-linux-androideabi/4.9/../../../../arm-linux-androideabi/bin/]
  ignore line: [LIBRARY_PATH=/home/edward/installation/android-ndk-r10e/toolchains/arm-linux-androideabi-4.9/prebuilt/linux-x86_64/bin/../lib/gcc/arm-linux-androideabi/4.9/armv7-a/:/home/edward/installation/android-ndk-r10e/toolchains/arm-linux-androideabi-4.9/prebuilt/linux-x86_64/bin/../lib/gcc/arm-linux-androideabi/4.9/../../../../arm-linux-androideabi/lib/armv7-a/:/home/edward/installation/android-ndk-r10e/toolchains/arm-linux-androideabi-4.9/prebuilt/linux-x86_64/bin/../lib/gcc/arm-linux-androideabi/4.9/:/home/edward/installation/android-ndk-r10e/toolchains/arm-linux-androideabi-4.9/prebuilt/linux-x86_64/bin/../lib/gcc/:/home/edward/installation/android-ndk-r10e/toolchains/arm-linux-androideabi-4.9/prebuilt/linux-x86_64/bin/../lib/gcc/arm-linux-androideabi/4.9/../../../../arm-linux-androideabi/lib/:/home/edward/installation/android-ndk-r10e/platforms/android-16/arch-arm/usr/lib/]
  ignore line: [COLLECT_GCC_OPTIONS='-Wno-psabi' '-funwind-tables' '-finline-limit=64' '-fsigned-char' '-march=armv7-a' '-mfloat-abi=softfp' '-mfpu=vfpv3-d16' '-fdata-sections' '-ffunction-sections' '-fPIE' '-pie' '-v' '-o' 'cmTC_f3031' '-L/libs/armeabi-v7a' '-mtls-dialect=gnu']
  link line: [ /home/edward/installation/android-ndk-r10e/toolchains/arm-linux-androideabi-4.9/prebuilt/linux-x86_64/bin/../libexec/gcc/arm-linux-androideabi/4.9/collect2 -plugin /home/edward/installation/android-ndk-r10e/toolchains/arm-linux-androideabi-4.9/prebuilt/linux-x86_64/bin/../libexec/gcc/arm-linux-androideabi/4.9/liblto_plugin.so -plugin-opt=/home/edward/installation/android-ndk-r10e/toolchains/arm-linux-androideabi-4.9/prebuilt/linux-x86_64/bin/../libexec/gcc/arm-linux-androideabi/4.9/lto-wrapper -plugin-opt=-fresolution=/tmp/ccMNWjCL.res -plugin-opt=-pass-through=-lgcc -plugin-opt=-pass-through=-lc -plugin-opt=-pass-through=-ldl -plugin-opt=-pass-through=-lgcc --sysroot=/home/edward/installation/android-ndk-r10e/platforms/android-16/arch-arm --eh-frame-hdr -dynamic-linker /system/bin/linker -X -m armelf_linux_eabi -z noexecstack -z relro -z now -pie -o cmTC_f3031 /home/edward/installation/android-ndk-r10e/platforms/android-16/arch-arm/usr/lib/crtbegin_dynamic.o -L/libs/armeabi-v7a -L/home/edward/installation/android-ndk-r10e/toolchains/arm-linux-androideabi-4.9/prebuilt/linux-x86_64/bin/../lib/gcc/arm-linux-androideabi/4.9/armv7-a -L/home/edward/installation/android-ndk-r10e/toolchains/arm-linux-androideabi-4.9/prebuilt/linux-x86_64/bin/../lib/gcc/arm-linux-androideabi/4.9/../../../../arm-linux-androideabi/lib/armv7-a -L/home/edward/installation/android-ndk-r10e/toolchains/arm-linux-androideabi-4.9/prebuilt/linux-x86_64/bin/../lib/gcc/arm-linux-androideabi/4.9 -L/home/edward/installation/android-ndk-r10e/toolchains/arm-linux-androideabi-4.9/prebuilt/linux-x86_64/bin/../lib/gcc -L/home/edward/installation/android-ndk-r10e/toolchains/arm-linux-androideabi-4.9/prebuilt/linux-x86_64/bin/../lib/gcc/arm-linux-androideabi/4.9/../../../../arm-linux-androideabi/lib -L/home/edward/installation/android-ndk-r10e/platforms/android-16/arch-arm/usr/lib --fix-cortex-a8 --no-undefined --gc-sections -z noexecstack -z relro -z now -z nocopyreloc CMakeFiles/cmTC_f3031.dir/CMakeCCompilerABI.c.o /home/edward/installation/android-ndk-r10e/sources/cxx-stl/gnu-libstdc++/4.9/libs/armeabi-v7a/libsupc++.a -lgcc -lc -ldl -lgcc /home/edward/installation/android-ndk-r10e/platforms/android-16/arch-arm/usr/lib/crtend_android.o]
    arg [/home/edward/installation/android-ndk-r10e/toolchains/arm-linux-androideabi-4.9/prebuilt/linux-x86_64/bin/../libexec/gcc/arm-linux-androideabi/4.9/collect2] ==> ignore
    arg [-plugin] ==> ignore
    arg [/home/edward/installation/android-ndk-r10e/toolchains/arm-linux-androideabi-4.9/prebuilt/linux-x86_64/bin/../libexec/gcc/arm-linux-androideabi/4.9/liblto_plugin.so] ==> ignore
    arg [-plugin-opt=/home/edward/installation/android-ndk-r10e/toolchains/arm-linux-androideabi-4.9/prebuilt/linux-x86_64/bin/../libexec/gcc/arm-linux-androideabi/4.9/lto-wrapper] ==> ignore
    arg [-plugin-opt=-fresolution=/tmp/ccMNWjCL.res] ==> ignore
    arg [-plugin-opt=-pass-through=-lgcc] ==> ignore
    arg [-plugin-opt=-pass-through=-lc] ==> ignore
    arg [-plugin-opt=-pass-through=-ldl] ==> ignore
    arg [-plugin-opt=-pass-through=-lgcc] ==> ignore
    arg [--sysroot=/home/edward/installation/android-ndk-r10e/platforms/android-16/arch-arm] ==> ignore
    arg [--eh-frame-hdr] ==> ignore
    arg [-dynamic-linker] ==> ignore
    arg [/system/bin/linker] ==> ignore
    arg [-X] ==> ignore
    arg [-m] ==> ignore
    arg [armelf_linux_eabi] ==> ignore
    arg [-znoexecstack] ==> ignore
    arg [-zrelro] ==> ignore
    arg [-znow] ==> ignore
    arg [-pie] ==> ignore
    arg [-o] ==> ignore
    arg [cmTC_f3031] ==> ignore
    arg [/home/edward/installation/android-ndk-r10e/platforms/android-16/arch-arm/usr/lib/crtbegin_dynamic.o] ==> ignore
    arg [-L/libs/armeabi-v7a] ==> dir [/libs/armeabi-v7a]
    arg [-L/home/edward/installation/android-ndk-r10e/toolchains/arm-linux-androideabi-4.9/prebuilt/linux-x86_64/bin/../lib/gcc/arm-linux-androideabi/4.9/armv7-a] ==> dir [/home/edward/installation/android-ndk-r10e/toolchains/arm-linux-androideabi-4.9/prebuilt/linux-x86_64/bin/../lib/gcc/arm-linux-androideabi/4.9/armv7-a]
    arg [-L/home/edward/installation/android-ndk-r10e/toolchains/arm-linux-androideabi-4.9/prebuilt/linux-x86_64/bin/../lib/gcc/arm-linux-androideabi/4.9/../../../../arm-linux-androideabi/lib/armv7-a] ==> dir [/home/edward/installation/android-ndk-r10e/toolchains/arm-linux-androideabi-4.9/prebuilt/linux-x86_64/bin/../lib/gcc/arm-linux-androideabi/4.9/../../../../arm-linux-androideabi/lib/armv7-a]
    arg [-L/home/edward/installation/android-ndk-r10e/toolchains/arm-linux-androideabi-4.9/prebuilt/linux-x86_64/bin/../lib/gcc/arm-linux-androideabi/4.9] ==> dir [/home/edward/installation/android-ndk-r10e/toolchains/arm-linux-androideabi-4.9/prebuilt/linux-x86_64/bin/../lib/gcc/arm-linux-androideabi/4.9]
    arg [-L/home/edward/installation/android-ndk-r10e/toolchains/arm-linux-androideabi-4.9/prebuilt/linux-x86_64/bin/../lib/gcc] ==> dir [/home/edward/installation/android-ndk-r10e/toolchains/arm-linux-androideabi-4.9/prebuilt/linux-x86_64/bin/../lib/gcc]
    arg [-L/home/edward/installation/android-ndk-r10e/toolchains/arm-linux-androideabi-4.9/prebuilt/linux-x86_64/bin/../lib/gcc/arm-linux-androideabi/4.9/../../../../arm-linux-androideabi/lib] ==> dir [/home/edward/installation/android-ndk-r10e/toolchains/arm-linux-androideabi-4.9/prebuilt/linux-x86_64/bin/../lib/gcc/arm-linux-androideabi/4.9/../../../../arm-linux-androideabi/lib]
    arg [-L/home/edward/installation/android-ndk-r10e/platforms/android-16/arch-arm/usr/lib] ==> dir [/home/edward/installation/android-ndk-r10e/platforms/android-16/arch-arm/usr/lib]
    arg [--fix-cortex-a8] ==> ignore
    arg [--no-undefined] ==> ignore
    arg [--gc-sections] ==> ignore
    arg [-znoexecstack] ==> ignore
    arg [-zrelro] ==> ignore
    arg [-znow] ==> ignore
    arg [-znocopyreloc] ==> ignore
    arg [CMakeFiles/cmTC_f3031.dir/CMakeCCompilerABI.c.o] ==> ignore
    arg [/home/edward/installation/android-ndk-r10e/sources/cxx-stl/gnu-libstdc++/4.9/libs/armeabi-v7a/libsupc++.a] ==> lib [/home/edward/installation/android-ndk-r10e/sources/cxx-stl/gnu-libstdc++/4.9/libs/armeabi-v7a/libsupc++.a]
    arg [-lgcc] ==> lib [gcc]
    arg [-lc] ==> lib [c]
    arg [-ldl] ==> lib [dl]
    arg [-lgcc] ==> lib [gcc]
    arg [/home/edward/installation/android-ndk-r10e/platforms/android-16/arch-arm/usr/lib/crtend_android.o] ==> ignore
  remove lib [gcc]
  remove lib [gcc]
  collapse library dir [/libs/armeabi-v7a] ==> [/libs/armeabi-v7a]
  collapse library dir [/home/edward/installation/android-ndk-r10e/toolchains/arm-linux-androideabi-4.9/prebuilt/linux-x86_64/bin/../lib/gcc/arm-linux-androideabi/4.9/armv7-a] ==> [/home/edward/installation/android-ndk-r10e/toolchains/arm-linux-androideabi-4.9/prebuilt/linux-x86_64/lib/gcc/arm-linux-androideabi/4.9/armv7-a]
  collapse library dir [/home/edward/installation/android-ndk-r10e/toolchains/arm-linux-androideabi-4.9/prebuilt/linux-x86_64/bin/../lib/gcc/arm-linux-androideabi/4.9/../../../../arm-linux-androideabi/lib/armv7-a] ==> [/home/edward/installation/android-ndk-r10e/toolchains/arm-linux-androideabi-4.9/prebuilt/linux-x86_64/arm-linux-androideabi/lib/armv7-a]
  collapse library dir [/home/edward/installation/android-ndk-r10e/toolchains/arm-linux-androideabi-4.9/prebuilt/linux-x86_64/bin/../lib/gcc/arm-linux-androideabi/4.9] ==> [/home/edward/installation/android-ndk-r10e/toolchains/arm-linux-androideabi-4.9/prebuilt/linux-x86_64/lib/gcc/arm-linux-androideabi/4.9]
  collapse library dir [/home/edward/installation/android-ndk-r10e/toolchains/arm-linux-androideabi-4.9/prebuilt/linux-x86_64/bin/../lib/gcc] ==> [/home/edward/installation/android-ndk-r10e/toolchains/arm-linux-androideabi-4.9/prebuilt/linux-x86_64/lib/gcc]
  collapse library dir [/home/edward/installation/android-ndk-r10e/toolchains/arm-linux-androideabi-4.9/prebuilt/linux-x86_64/bin/../lib/gcc/arm-linux-androideabi/4.9/../../../../arm-linux-androideabi/lib] ==> [/home/edward/installation/android-ndk-r10e/toolchains/arm-linux-androideabi-4.9/prebuilt/linux-x86_64/arm-linux-androideabi/lib]
  collapse library dir [/home/edward/installation/android-ndk-r10e/platforms/android-16/arch-arm/usr/lib] ==> [/home/edward/installation/android-ndk-r10e/platforms/android-16/arch-arm/usr/lib]
  implicit libs: [/home/edward/installation/android-ndk-r10e/sources/cxx-stl/gnu-libstdc++/4.9/libs/armeabi-v7a/libsupc++.a;c;dl]
  implicit dirs: [/libs/armeabi-v7a;/home/edward/installation/android-ndk-r10e/toolchains/arm-linux-androideabi-4.9/prebuilt/linux-x86_64/lib/gcc/arm-linux-androideabi/4.9/armv7-a;/home/edward/installation/android-ndk-r10e/toolchains/arm-linux-androideabi-4.9/prebuilt/linux-x86_64/arm-linux-androideabi/lib/armv7-a;/home/edward/installation/android-ndk-r10e/toolchains/arm-linux-androideabi-4.9/prebuilt/linux-x86_64/lib/gcc/arm-linux-androideabi/4.9;/home/edward/installation/android-ndk-r10e/toolchains/arm-linux-androideabi-4.9/prebuilt/linux-x86_64/lib/gcc;/home/edward/installation/android-ndk-r10e/toolchains/arm-linux-androideabi-4.9/prebuilt/linux-x86_64/arm-linux-androideabi/lib;/home/edward/installation/android-ndk-r10e/platforms/android-16/arch-arm/usr/lib]
  implicit fwks: []




Detecting C [-std=c11] compiler features compiled with the following output:
Change Dir: /home/edward/code/Circle/android-build/CMakeFiles/CMakeTmp

Run Build Command:"/usr/bin/make" "cmTC_6cd59/fast"
/usr/bin/make -f CMakeFiles/cmTC_6cd59.dir/build.make CMakeFiles/cmTC_6cd59.dir/build
make[1]: Entering directory '/home/edward/code/Circle/android-build/CMakeFiles/CMakeTmp'
Building C object CMakeFiles/cmTC_6cd59.dir/feature_tests.c.o
/home/edward/installation/android-ndk-r10e/toolchains/arm-linux-androideabi-4.9/prebuilt/linux-x86_64/bin/arm-linux-androideabi-gcc  -DANDROID -isystem /home/edward/installation/android-ndk-r10e/platforms/android-16/arch-arm/usr/include -isystem /home/edward/installation/android-ndk-r10e/sources/cxx-stl/gnu-libstdc++/4.9/include -isystem /home/edward/installation/android-ndk-r10e/sources/cxx-stl/gnu-libstdc++/4.9/libs/armeabi-v7a/include -isystem /home/edward/installation/android-ndk-r10e/sources/cxx-stl/gnu-libstdc++/4.9/include/backward  -Wno-psabi --sysroot=/home/edward/installation/android-ndk-r10e/platforms/android-16/arch-arm -funwind-tables -finline-limit=64 -fsigned-char -no-canonical-prefixes -march=armv7-a -mfloat-abi=softfp -mfpu=vfpv3-d16 -fdata-sections -ffunction-sections -Wa,--noexecstack   -fPIE   -std=c11 -o CMakeFiles/cmTC_6cd59.dir/feature_tests.c.o   -c /home/edward/code/Circle/android-build/CMakeFiles/feature_tests.c
Linking C executable cmTC_6cd59
/usr/bin/cmake -E cmake_link_script CMakeFiles/cmTC_6cd59.dir/link.txt --verbose=1
/home/edward/installation/android-ndk-r10e/toolchains/arm-linux-androideabi-4.9/prebuilt/linux-x86_64/bin/arm-linux-androideabi-gcc  -Wno-psabi --sysroot=/home/edward/installation/android-ndk-r10e/platforms/android-16/arch-arm -funwind-tables -finline-limit=64 -fsigned-char -no-canonical-prefixes -march=armv7-a -mfloat-abi=softfp -mfpu=vfpv3-d16 -fdata-sections -ffunction-sections -Wa,--noexecstack     -Wl,--fix-cortex-a8 -Wl,--no-undefined -Wl,--gc-sections -Wl,-z,noexecstack -Wl,-z,relro -Wl,-z,now -Wl,-z,nocopyreloc -fPIE -pie  CMakeFiles/cmTC_6cd59.dir/feature_tests.c.o -o cmTC_6cd59  -L/libs/armeabi-v7a   "/home/edward/installation/android-ndk-r10e/sources/cxx-stl/gnu-libstdc++/4.9/libs/armeabi-v7a/libsupc++.a"
make[1]: Leaving directory '/home/edward/code/Circle/android-build/CMakeFiles/CMakeTmp'


    Feature record: C_FEATURE:1c_function_prototypes
    Feature record: C_FEATURE:1c_restrict
    Feature record: C_FEATURE:1c_static_assert
    Feature record: C_FEATURE:1c_variadic_macros


Detecting C [-std=c99] compiler features compiled with the following output:
Change Dir: /home/edward/code/Circle/android-build/CMakeFiles/CMakeTmp

Run Build Command:"/usr/bin/make" "cmTC_801db/fast"
/usr/bin/make -f CMakeFiles/cmTC_801db.dir/build.make CMakeFiles/cmTC_801db.dir/build
make[1]: Entering directory '/home/edward/code/Circle/android-build/CMakeFiles/CMakeTmp'
Building C object CMakeFiles/cmTC_801db.dir/feature_tests.c.o
/home/edward/installation/android-ndk-r10e/toolchains/arm-linux-androideabi-4.9/prebuilt/linux-x86_64/bin/arm-linux-androideabi-gcc  -DANDROID -isystem /home/edward/installation/android-ndk-r10e/platforms/android-16/arch-arm/usr/include -isystem /home/edward/installation/android-ndk-r10e/sources/cxx-stl/gnu-libstdc++/4.9/include -isystem /home/edward/installation/android-ndk-r10e/sources/cxx-stl/gnu-libstdc++/4.9/libs/armeabi-v7a/include -isystem /home/edward/installation/android-ndk-r10e/sources/cxx-stl/gnu-libstdc++/4.9/include/backward  -Wno-psabi --sysroot=/home/edward/installation/android-ndk-r10e/platforms/android-16/arch-arm -funwind-tables -finline-limit=64 -fsigned-char -no-canonical-prefixes -march=armv7-a -mfloat-abi=softfp -mfpu=vfpv3-d16 -fdata-sections -ffunction-sections -Wa,--noexecstack   -fPIE   -std=c99 -o CMakeFiles/cmTC_801db.dir/feature_tests.c.o   -c /home/edward/code/Circle/android-build/CMakeFiles/feature_tests.c
Linking C executable cmTC_801db
/usr/bin/cmake -E cmake_link_script CMakeFiles/cmTC_801db.dir/link.txt --verbose=1
/home/edward/installation/android-ndk-r10e/toolchains/arm-linux-androideabi-4.9/prebuilt/linux-x86_64/bin/arm-linux-androideabi-gcc  -Wno-psabi --sysroot=/home/edward/installation/android-ndk-r10e/platforms/android-16/arch-arm -funwind-tables -finline-limit=64 -fsigned-char -no-canonical-prefixes -march=armv7-a -mfloat-abi=softfp -mfpu=vfpv3-d16 -fdata-sections -ffunction-sections -Wa,--noexecstack     -Wl,--fix-cortex-a8 -Wl,--no-undefined -Wl,--gc-sections -Wl,-z,noexecstack -Wl,-z,relro -Wl,-z,now -Wl,-z,nocopyreloc -fPIE -pie  CMakeFiles/cmTC_801db.dir/feature_tests.c.o -o cmTC_801db  -L/libs/armeabi-v7a   "/home/edward/installation/android-ndk-r10e/sources/cxx-stl/gnu-libstdc++/4.9/libs/armeabi-v7a/libsupc++.a"
make[1]: Leaving directory '/home/edward/code/Circle/android-build/CMakeFiles/CMakeTmp'


    Feature record: C_FEATURE:1c_function_prototypes
    Feature record: C_FEATURE:1c_restrict
    Feature record: C_FEATURE:0c_static_assert
    Feature record: C_FEATURE:1c_variadic_macros


Detecting C [-std=c90] compiler features compiled with the following output:
Change Dir: /home/edward/code/Circle/android-build/CMakeFiles/CMakeTmp

Run Build Command:"/usr/bin/make" "cmTC_e9bb8/fast"
/usr/bin/make -f CMakeFiles/cmTC_e9bb8.dir/build.make CMakeFiles/cmTC_e9bb8.dir/build
make[1]: Entering directory '/home/edward/code/Circle/android-build/CMakeFiles/CMakeTmp'
Building C object CMakeFiles/cmTC_e9bb8.dir/feature_tests.c.o
/home/edward/installation/android-ndk-r10e/toolchains/arm-linux-androideabi-4.9/prebuilt/linux-x86_64/bin/arm-linux-androideabi-gcc  -DANDROID -isystem /home/edward/installation/android-ndk-r10e/platforms/android-16/arch-arm/usr/include -isystem /home/edward/installation/android-ndk-r10e/sources/cxx-stl/gnu-libstdc++/4.9/include -isystem /home/edward/installation/android-ndk-r10e/sources/cxx-stl/gnu-libstdc++/4.9/libs/armeabi-v7a/include -isystem /home/edward/installation/android-ndk-r10e/sources/cxx-stl/gnu-libstdc++/4.9/include/backward  -Wno-psabi --sysroot=/home/edward/installation/android-ndk-r10e/platforms/android-16/arch-arm -funwind-tables -finline-limit=64 -fsigned-char -no-canonical-prefixes -march=armv7-a -mfloat-abi=softfp -mfpu=vfpv3-d16 -fdata-sections -ffunction-sections -Wa,--noexecstack   -fPIE   -std=c90 -o CMakeFiles/cmTC_e9bb8.dir/feature_tests.c.o   -c /home/edward/code/Circle/android-build/CMakeFiles/feature_tests.c
Linking C executable cmTC_e9bb8
/usr/bin/cmake -E cmake_link_script CMakeFiles/cmTC_e9bb8.dir/link.txt --verbose=1
/home/edward/installation/android-ndk-r10e/toolchains/arm-linux-androideabi-4.9/prebuilt/linux-x86_64/bin/arm-linux-androideabi-gcc  -Wno-psabi --sysroot=/home/edward/installation/android-ndk-r10e/platforms/android-16/arch-arm -funwind-tables -finline-limit=64 -fsigned-char -no-canonical-prefixes -march=armv7-a -mfloat-abi=softfp -mfpu=vfpv3-d16 -fdata-sections -ffunction-sections -Wa,--noexecstack     -Wl,--fix-cortex-a8 -Wl,--no-undefined -Wl,--gc-sections -Wl,-z,noexecstack -Wl,-z,relro -Wl,-z,now -Wl,-z,nocopyreloc -fPIE -pie  CMakeFiles/cmTC_e9bb8.dir/feature_tests.c.o -o cmTC_e9bb8  -L/libs/armeabi-v7a   "/home/edward/installation/android-ndk-r10e/sources/cxx-stl/gnu-libstdc++/4.9/libs/armeabi-v7a/libsupc++.a"
make[1]: Leaving directory '/home/edward/code/Circle/android-build/CMakeFiles/CMakeTmp'


    Feature record: C_FEATURE:1c_function_prototypes
    Feature record: C_FEATURE:0c_restrict
    Feature record: C_FEATURE:0c_static_assert
    Feature record: C_FEATURE:0c_variadic_macros
Determining if the CXX compiler works passed with the following output:
Change Dir: /home/edward/code/Circle/android-build/CMakeFiles/CMakeTmp

Run Build Command:"/usr/bin/make" "cmTC_ae160/fast"
/usr/bin/make -f CMakeFiles/cmTC_ae160.dir/build.make CMakeFiles/cmTC_ae160.dir/build
make[1]: Entering directory '/home/edward/code/Circle/android-build/CMakeFiles/CMakeTmp'
Building CXX object CMakeFiles/cmTC_ae160.dir/testCXXCompiler.cxx.o
/home/edward/installation/android-ndk-r10e/toolchains/arm-linux-androideabi-4.9/prebuilt/linux-x86_64/bin/arm-linux-androideabi-g++   -DANDROID -isystem /home/edward/installation/android-ndk-r10e/platforms/android-16/arch-arm/usr/include -isystem /home/edward/installation/android-ndk-r10e/sources/cxx-stl/gnu-libstdc++/4.9/include -isystem /home/edward/installation/android-ndk-r10e/sources/cxx-stl/gnu-libstdc++/4.9/libs/armeabi-v7a/include -isystem /home/edward/installation/android-ndk-r10e/sources/cxx-stl/gnu-libstdc++/4.9/include/backward  -Wno-psabi --sysroot=/home/edward/installation/android-ndk-r10e/platforms/android-16/arch-arm -funwind-tables -finline-limit=64 -fsigned-char -no-canonical-prefixes -march=armv7-a -mfloat-abi=softfp -mfpu=vfpv3-d16 -fdata-sections -ffunction-sections -Wa,--noexecstack   -fPIE   -o CMakeFiles/cmTC_ae160.dir/testCXXCompiler.cxx.o -c /home/edward/code/Circle/android-build/CMakeFiles/CMakeTmp/testCXXCompiler.cxx
Linking CXX executable cmTC_ae160
/usr/bin/cmake -E cmake_link_script CMakeFiles/cmTC_ae160.dir/link.txt --verbose=1
/home/edward/installation/android-ndk-r10e/toolchains/arm-linux-androideabi-4.9/prebuilt/linux-x86_64/bin/arm-linux-androideabi-gcc -Wno-psabi --sysroot=/home/edward/installation/android-ndk-r10e/platforms/android-16/arch-arm -funwind-tables -finline-limit=64 -fsigned-char -no-canonical-prefixes -march=armv7-a -mfloat-abi=softfp -mfpu=vfpv3-d16 -fdata-sections -ffunction-sections -Wa,--noexecstack     -Wl,--fix-cortex-a8 -Wl,--no-undefined -Wl,--gc-sections -Wl,-z,noexecstack -Wl,-z,relro -Wl,-z,now -Wl,-z,nocopyreloc -fPIE -pie  CMakeFiles/cmTC_ae160.dir/testCXXCompiler.cxx.o -o cmTC_ae160  -L/libs/armeabi-v7a   "/home/edward/installation/android-ndk-r10e/sources/cxx-stl/gnu-libstdc++/4.9/libs/armeabi-v7a/libgnustl_static.a" "/home/edward/installation/android-ndk-r10e/sources/cxx-stl/gnu-libstdc++/4.9/libs/armeabi-v7a/libsupc++.a" -lm
make[1]: Leaving directory '/home/edward/code/Circle/android-build/CMakeFiles/CMakeTmp'


Detecting CXX compiler ABI info compiled with the following output:
Change Dir: /home/edward/code/Circle/android-build/CMakeFiles/CMakeTmp

Run Build Command:"/usr/bin/make" "cmTC_cf694/fast"
/usr/bin/make -f CMakeFiles/cmTC_cf694.dir/build.make CMakeFiles/cmTC_cf694.dir/build
make[1]: Entering directory '/home/edward/code/Circle/android-build/CMakeFiles/CMakeTmp'
Building CXX object CMakeFiles/cmTC_cf694.dir/CMakeCXXCompilerABI.cpp.o
/home/edward/installation/android-ndk-r10e/toolchains/arm-linux-androideabi-4.9/prebuilt/linux-x86_64/bin/arm-linux-androideabi-g++   -DANDROID -isystem /home/edward/installation/android-ndk-r10e/platforms/android-16/arch-arm/usr/include -isystem /home/edward/installation/android-ndk-r10e/sources/cxx-stl/gnu-libstdc++/4.9/include -isystem /home/edward/installation/android-ndk-r10e/sources/cxx-stl/gnu-libstdc++/4.9/libs/armeabi-v7a/include -isystem /home/edward/installation/android-ndk-r10e/sources/cxx-stl/gnu-libstdc++/4.9/include/backward  -Wno-psabi --sysroot=/home/edward/installation/android-ndk-r10e/platforms/android-16/arch-arm -funwind-tables -finline-limit=64 -fsigned-char -no-canonical-prefixes -march=armv7-a -mfloat-abi=softfp -mfpu=vfpv3-d16 -fdata-sections -ffunction-sections -Wa,--noexecstack   -fPIE   -o CMakeFiles/cmTC_cf694.dir/CMakeCXXCompilerABI.cpp.o -c /usr/share/cmake-3.5/Modules/CMakeCXXCompilerABI.cpp
Linking CXX executable cmTC_cf694
/usr/bin/cmake -E cmake_link_script CMakeFiles/cmTC_cf694.dir/link.txt --verbose=1
/home/edward/installation/android-ndk-r10e/toolchains/arm-linux-androideabi-4.9/prebuilt/linux-x86_64/bin/arm-linux-androideabi-gcc -Wno-psabi --sysroot=/home/edward/installation/android-ndk-r10e/platforms/android-16/arch-arm -funwind-tables -finline-limit=64 -fsigned-char -no-canonical-prefixes -march=armv7-a -mfloat-abi=softfp -mfpu=vfpv3-d16 -fdata-sections -ffunction-sections -Wa,--noexecstack     -Wl,--fix-cortex-a8 -Wl,--no-undefined -Wl,--gc-sections -Wl,-z,noexecstack -Wl,-z,relro -Wl,-z,now -Wl,-z,nocopyreloc -fPIE -pie -v CMakeFiles/cmTC_cf694.dir/CMakeCXXCompilerABI.cpp.o -o cmTC_cf694  -L/libs/armeabi-v7a    "/home/edward/installation/android-ndk-r10e/sources/cxx-stl/gnu-libstdc++/4.9/libs/armeabi-v7a/libgnustl_static.a" "/home/edward/installation/android-ndk-r10e/sources/cxx-stl/gnu-libstdc++/4.9/libs/armeabi-v7a/libsupc++.a" -lm
Using built-in specs.
COLLECT_GCC=/home/edward/installation/android-ndk-r10e/toolchains/arm-linux-androideabi-4.9/prebuilt/linux-x86_64/bin/arm-linux-androideabi-gcc
COLLECT_LTO_WRAPPER=/home/edward/installation/android-ndk-r10e/toolchains/arm-linux-androideabi-4.9/prebuilt/linux-x86_64/bin/../libexec/gcc/arm-linux-androideabi/4.9/lto-wrapper
Target: arm-linux-androideabi
Configured with: /s/ndk-toolchain/src/build/../gcc/gcc-4.9/configure --prefix=/tmp/ndk-andrewhsieh/build/toolchain/prefix --target=arm-linux-androideabi --host=x86_64-linux-gnu --build=x86_64-linux-gnu --with-gnu-as --with-gnu-ld --enable-languages=c,c++ --with-gmp=/tmp/ndk-andrewhsieh/build/toolchain/temp-install --with-mpfr=/tmp/ndk-andrewhsieh/build/toolchain/temp-install --with-mpc=/tmp/ndk-andrewhsieh/build/toolchain/temp-install --with-cloog=/tmp/ndk-andrewhsieh/build/toolchain/temp-install --with-isl=/tmp/ndk-andrewhsieh/build/toolchain/temp-install --with-ppl=/tmp/ndk-andrewhsieh/build/toolchain/temp-install --disable-ppl-version-check --disable-cloog-version-check --disable-isl-version-check --enable-cloog-backend=isl --with-host-libstdcxx='-static-libgcc -Wl,-Bstatic,-lstdc++,-Bdynamic -lm' --disable-libssp --enable-threads --disable-nls --disable-libmudflap --disable-libgomp --disable-libstdc__-v3 --disable-sjlj-exceptions --disable-shared --disable-tls --disable-libitm --with-float=soft --with-fpu=vfp --with-arch=armv5te --enable-target-optspace --enable-initfini-array --disable-nls --prefix=/tmp/ndk-andrewhsieh/build/toolchain/prefix --with-sysroot=/tmp/ndk-andrewhsieh/build/toolchain/prefix/sysroot --with-binutils-version=2.25 --with-mpfr-version=3.1.1 --with-mpc-version=1.0.1 --with-gmp-version=5.0.5 --with-gcc-version=4.9 --with-gdb-version=7.7 --with-python=/usr/local/google/home/andrewhsieh/mydroid/ndk/prebuilt/linux-x86_64/bin/python-config.sh --with-gxx-include-dir=/tmp/ndk-andrewhsieh/build/toolchain/prefix/include/c++/4.9 --with-bugurl=http://source.android.com/source/report-bugs.html --enable-languages=c,c++ --disable-bootstrap --enable-plugins --enable-libgomp --enable-gnu-indirect-function --disable-libsanitizer --enable-gold --enable-threads --enable-graphite=yes --with-cloog-version=0.18.0 --with-isl-version=0.11.1 --enable-eh-frame-hdr-for-static --with-arch=armv5te --program-transform-name='s&^&arm-linux-androideabi-&' --enable-gold=default
Thread model: posix
gcc version 4.9 20140827 (prerelease) (GCC) 
COMPILER_PATH=/home/edward/installation/android-ndk-r10e/toolchains/arm-linux-androideabi-4.9/prebuilt/linux-x86_64/bin/../libexec/gcc/arm-linux-androideabi/4.9/:/home/edward/installation/android-ndk-r10e/toolchains/arm-linux-androideabi-4.9/prebuilt/linux-x86_64/bin/../libexec/gcc/:/home/edward/installation/android-ndk-r10e/toolchains/arm-linux-androideabi-4.9/prebuilt/linux-x86_64/bin/../lib/gcc/arm-linux-androideabi/4.9/../../../../arm-linux-androideabi/bin/
LIBRARY_PATH=/home/edward/installation/android-ndk-r10e/toolchains/arm-linux-androideabi-4.9/prebuilt/linux-x86_64/bin/../lib/gcc/arm-linux-androideabi/4.9/armv7-a/:/home/edward/installation/android-ndk-r10e/toolchains/arm-linux-androideabi-4.9/prebuilt/linux-x86_64/bin/../lib/gcc/arm-linux-androideabi/4.9/../../../../arm-linux-androideabi/lib/armv7-a/:/home/edward/installation/android-ndk-r10e/toolchains/arm-linux-androideabi-4.9/prebuilt/linux-x86_64/bin/../lib/gcc/arm-linux-androideabi/4.9/:/home/edward/installation/android-ndk-r10e/toolchains/arm-linux-androideabi-4.9/prebuilt/linux-x86_64/bin/../lib/gcc/:/home/edward/installation/android-ndk-r10e/toolchains/arm-linux-androideabi-4.9/prebuilt/linux-x86_64/bin/../lib/gcc/arm-linux-androideabi/4.9/../../../../arm-linux-androideabi/lib/:/home/edward/installation/android-ndk-r10e/platforms/android-16/arch-arm/usr/lib/
COLLECT_GCC_OPTIONS='-Wno-psabi' '-funwind-tables' '-finline-limit=64' '-fsigned-char' '-march=armv7-a' '-mfloat-abi=softfp' '-mfpu=vfpv3-d16' '-fdata-sections' '-ffunction-sections' '-fPIE' '-pie' '-v' '-o' 'cmTC_cf694' '-L/libs/armeabi-v7a' '-mtls-dialect=gnu'
 /home/edward/installation/android-ndk-r10e/toolchains/arm-linux-androideabi-4.9/prebuilt/linux-x86_64/bin/../libexec/gcc/arm-linux-androideabi/4.9/collect2 -plugin /home/edward/installation/android-ndk-r10e/toolchains/arm-linux-androideabi-4.9/prebuilt/linux-x86_64/bin/../libexec/gcc/arm-linux-androideabi/4.9/liblto_plugin.so -plugin-opt=/home/edward/installation/android-ndk-r10e/toolchains/arm-linux-androideabi-4.9/prebuilt/linux-x86_64/bin/../libexec/gcc/arm-linux-androideabi/4.9/lto-wrapper -plugin-opt=-fresolution=/tmp/ccLMuxkd.res -plugin-opt=-pass-through=-lgcc -plugin-opt=-pass-through=-lc -plugin-opt=-pass-through=-ldl -plugin-opt=-pass-through=-lgcc --sysroot=/home/edward/installation/android-ndk-r10e/platforms/android-16/arch-arm --eh-frame-hdr -dynamic-linker /system/bin/linker -X -m armelf_linux_eabi -z noexecstack -z relro -z now -pie -o cmTC_cf694 /home/edward/installation/android-ndk-r10e/platforms/android-16/arch-arm/usr/lib/crtbegin_dynamic.o -L/libs/armeabi-v7a -L/home/edward/installation/android-ndk-r10e/toolchains/arm-linux-androideabi-4.9/prebuilt/linux-x86_64/bin/../lib/gcc/arm-linux-androideabi/4.9/armv7-a -L/home/edward/installation/android-ndk-r10e/toolchains/arm-linux-androideabi-4.9/prebuilt/linux-x86_64/bin/../lib/gcc/arm-linux-androideabi/4.9/../../../../arm-linux-androideabi/lib/armv7-a -L/home/edward/installation/android-ndk-r10e/toolchains/arm-linux-androideabi-4.9/prebuilt/linux-x86_64/bin/../lib/gcc/arm-linux-androideabi/4.9 -L/home/edward/installation/android-ndk-r10e/toolchains/arm-linux-androideabi-4.9/prebuilt/linux-x86_64/bin/../lib/gcc -L/home/edward/installation/android-ndk-r10e/toolchains/arm-linux-androideabi-4.9/prebuilt/linux-x86_64/bin/../lib/gcc/arm-linux-androideabi/4.9/../../../../arm-linux-androideabi/lib -L/home/edward/installation/android-ndk-r10e/platforms/android-16/arch-arm/usr/lib --fix-cortex-a8 --no-undefined --gc-sections -z noexecstack -z relro -z now -z nocopyreloc CMakeFiles/cmTC_cf694.dir/CMakeCXXCompilerABI.cpp.o /home/edward/installation/android-ndk-r10e/sources/cxx-stl/gnu-libstdc++/4.9/libs/armeabi-v7a/libgnustl_static.a /home/edward/installation/android-ndk-r10e/sources/cxx-stl/gnu-libstdc++/4.9/libs/armeabi-v7a/libsupc++.a -lm -lgcc -lc -ldl -lgcc /home/edward/installation/android-ndk-r10e/platforms/android-16/arch-arm/usr/lib/crtend_android.o
make[1]: Leaving directory '/home/edward/code/Circle/android-build/CMakeFiles/CMakeTmp'


Parsed CXX implicit link information from above output:
  link line regex: [^( *|.*[/\])(arm-linux-androideabi-ld|([^/\]+-)?ld|collect2)[^/\]*( |$)]
  ignore line: [Change Dir: /home/edward/code/Circle/android-build/CMakeFiles/CMakeTmp]
  ignore line: []
  ignore line: [Run Build Command:"/usr/bin/make" "cmTC_cf694/fast"]
  ignore line: [/usr/bin/make -f CMakeFiles/cmTC_cf694.dir/build.make CMakeFiles/cmTC_cf694.dir/build]
  ignore line: [make[1]: Entering directory '/home/edward/code/Circle/android-build/CMakeFiles/CMakeTmp']
  ignore line: [Building CXX object CMakeFiles/cmTC_cf694.dir/CMakeCXXCompilerABI.cpp.o]
  ignore line: [/home/edward/installation/android-ndk-r10e/toolchains/arm-linux-androideabi-4.9/prebuilt/linux-x86_64/bin/arm-linux-androideabi-g++   -DANDROID -isystem /home/edward/installation/android-ndk-r10e/platforms/android-16/arch-arm/usr/include -isystem /home/edward/installation/android-ndk-r10e/sources/cxx-stl/gnu-libstdc++/4.9/include -isystem /home/edward/installation/android-ndk-r10e/sources/cxx-stl/gnu-libstdc++/4.9/libs/armeabi-v7a/include -isystem /home/edward/installation/android-ndk-r10e/sources/cxx-stl/gnu-libstdc++/4.9/include/backward  -Wno-psabi --sysroot=/home/edward/installation/android-ndk-r10e/platforms/android-16/arch-arm -funwind-tables -finline-limit=64 -fsigned-char -no-canonical-prefixes -march=armv7-a -mfloat-abi=softfp -mfpu=vfpv3-d16 -fdata-sections -ffunction-sections -Wa,--noexecstack   -fPIE   -o CMakeFiles/cmTC_cf694.dir/CMakeCXXCompilerABI.cpp.o -c /usr/share/cmake-3.5/Modules/CMakeCXXCompilerABI.cpp]
  ignore line: [Linking CXX executable cmTC_cf694]
  ignore line: [/usr/bin/cmake -E cmake_link_script CMakeFiles/cmTC_cf694.dir/link.txt --verbose=1]
  ignore line: [/home/edward/installation/android-ndk-r10e/toolchains/arm-linux-androideabi-4.9/prebuilt/linux-x86_64/bin/arm-linux-androideabi-gcc -Wno-psabi --sysroot=/home/edward/installation/android-ndk-r10e/platforms/android-16/arch-arm -funwind-tables -finline-limit=64 -fsigned-char -no-canonical-prefixes -march=armv7-a -mfloat-abi=softfp -mfpu=vfpv3-d16 -fdata-sections -ffunction-sections -Wa,--noexecstack     -Wl,--fix-cortex-a8 -Wl,--no-undefined -Wl,--gc-sections -Wl,-z,noexecstack -Wl,-z,relro -Wl,-z,now -Wl,-z,nocopyreloc -fPIE -pie -v CMakeFiles/cmTC_cf694.dir/CMakeCXXCompilerABI.cpp.o -o cmTC_cf694  -L/libs/armeabi-v7a    "/home/edward/installation/android-ndk-r10e/sources/cxx-stl/gnu-libstdc++/4.9/libs/armeabi-v7a/libgnustl_static.a" "/home/edward/installation/android-ndk-r10e/sources/cxx-stl/gnu-libstdc++/4.9/libs/armeabi-v7a/libsupc++.a" -lm]
  ignore line: [Using built-in specs.]
  ignore line: [COLLECT_GCC=/home/edward/installation/android-ndk-r10e/toolchains/arm-linux-androideabi-4.9/prebuilt/linux-x86_64/bin/arm-linux-androideabi-gcc]
  ignore line: [COLLECT_LTO_WRAPPER=/home/edward/installation/android-ndk-r10e/toolchains/arm-linux-androideabi-4.9/prebuilt/linux-x86_64/bin/../libexec/gcc/arm-linux-androideabi/4.9/lto-wrapper]
  ignore line: [Target: arm-linux-androideabi]
  ignore line: [Configured with: /s/ndk-toolchain/src/build/../gcc/gcc-4.9/configure --prefix=/tmp/ndk-andrewhsieh/build/toolchain/prefix --target=arm-linux-androideabi --host=x86_64-linux-gnu --build=x86_64-linux-gnu --with-gnu-as --with-gnu-ld --enable-languages=c,c++ --with-gmp=/tmp/ndk-andrewhsieh/build/toolchain/temp-install --with-mpfr=/tmp/ndk-andrewhsieh/build/toolchain/temp-install --with-mpc=/tmp/ndk-andrewhsieh/build/toolchain/temp-install --with-cloog=/tmp/ndk-andrewhsieh/build/toolchain/temp-install --with-isl=/tmp/ndk-andrewhsieh/build/toolchain/temp-install --with-ppl=/tmp/ndk-andrewhsieh/build/toolchain/temp-install --disable-ppl-version-check --disable-cloog-version-check --disable-isl-version-check --enable-cloog-backend=isl --with-host-libstdcxx='-static-libgcc -Wl,-Bstatic,-lstdc++,-Bdynamic -lm' --disable-libssp --enable-threads --disable-nls --disable-libmudflap --disable-libgomp --disable-libstdc__-v3 --disable-sjlj-exceptions --disable-shared --disable-tls --disable-libitm --with-float=soft --with-fpu=vfp --with-arch=armv5te --enable-target-optspace --enable-initfini-array --disable-nls --prefix=/tmp/ndk-andrewhsieh/build/toolchain/prefix --with-sysroot=/tmp/ndk-andrewhsieh/build/toolchain/prefix/sysroot --with-binutils-version=2.25 --with-mpfr-version=3.1.1 --with-mpc-version=1.0.1 --with-gmp-version=5.0.5 --with-gcc-version=4.9 --with-gdb-version=7.7 --with-python=/usr/local/google/home/andrewhsieh/mydroid/ndk/prebuilt/linux-x86_64/bin/python-config.sh --with-gxx-include-dir=/tmp/ndk-andrewhsieh/build/toolchain/prefix/include/c++/4.9 --with-bugurl=http://source.android.com/source/report-bugs.html --enable-languages=c,c++ --disable-bootstrap --enable-plugins --enable-libgomp --enable-gnu-indirect-function --disable-libsanitizer --enable-gold --enable-threads --enable-graphite=yes --with-cloog-version=0.18.0 --with-isl-version=0.11.1 --enable-eh-frame-hdr-for-static --with-arch=armv5te --program-transform-name='s&^&arm-linux-androideabi-&' --enable-gold=default]
  ignore line: [Thread model: posix]
  ignore line: [gcc version 4.9 20140827 (prerelease) (GCC) ]
  ignore line: [COMPILER_PATH=/home/edward/installation/android-ndk-r10e/toolchains/arm-linux-androideabi-4.9/prebuilt/linux-x86_64/bin/../libexec/gcc/arm-linux-androideabi/4.9/:/home/edward/installation/android-ndk-r10e/toolchains/arm-linux-androideabi-4.9/prebuilt/linux-x86_64/bin/../libexec/gcc/:/home/edward/installation/android-ndk-r10e/toolchains/arm-linux-androideabi-4.9/prebuilt/linux-x86_64/bin/../lib/gcc/arm-linux-androideabi/4.9/../../../../arm-linux-androideabi/bin/]
  ignore line: [LIBRARY_PATH=/home/edward/installation/android-ndk-r10e/toolchains/arm-linux-androideabi-4.9/prebuilt/linux-x86_64/bin/../lib/gcc/arm-linux-androideabi/4.9/armv7-a/:/home/edward/installation/android-ndk-r10e/toolchains/arm-linux-androideabi-4.9/prebuilt/linux-x86_64/bin/../lib/gcc/arm-linux-androideabi/4.9/../../../../arm-linux-androideabi/lib/armv7-a/:/home/edward/installation/android-ndk-r10e/toolchains/arm-linux-androideabi-4.9/prebuilt/linux-x86_64/bin/../lib/gcc/arm-linux-androideabi/4.9/:/home/edward/installation/android-ndk-r10e/toolchains/arm-linux-androideabi-4.9/prebuilt/linux-x86_64/bin/../lib/gcc/:/home/edward/installation/android-ndk-r10e/toolchains/arm-linux-androideabi-4.9/prebuilt/linux-x86_64/bin/../lib/gcc/arm-linux-androideabi/4.9/../../../../arm-linux-androideabi/lib/:/home/edward/installation/android-ndk-r10e/platforms/android-16/arch-arm/usr/lib/]
  ignore line: [COLLECT_GCC_OPTIONS='-Wno-psabi' '-funwind-tables' '-finline-limit=64' '-fsigned-char' '-march=armv7-a' '-mfloat-abi=softfp' '-mfpu=vfpv3-d16' '-fdata-sections' '-ffunction-sections' '-fPIE' '-pie' '-v' '-o' 'cmTC_cf694' '-L/libs/armeabi-v7a' '-mtls-dialect=gnu']
  link line: [ /home/edward/installation/android-ndk-r10e/toolchains/arm-linux-androideabi-4.9/prebuilt/linux-x86_64/bin/../libexec/gcc/arm-linux-androideabi/4.9/collect2 -plugin /home/edward/installation/android-ndk-r10e/toolchains/arm-linux-androideabi-4.9/prebuilt/linux-x86_64/bin/../libexec/gcc/arm-linux-androideabi/4.9/liblto_plugin.so -plugin-opt=/home/edward/installation/android-ndk-r10e/toolchains/arm-linux-androideabi-4.9/prebuilt/linux-x86_64/bin/../libexec/gcc/arm-linux-androideabi/4.9/lto-wrapper -plugin-opt=-fresolution=/tmp/ccLMuxkd.res -plugin-opt=-pass-through=-lgcc -plugin-opt=-pass-through=-lc -plugin-opt=-pass-through=-ldl -plugin-opt=-pass-through=-lgcc --sysroot=/home/edward/installation/android-ndk-r10e/platforms/android-16/arch-arm --eh-frame-hdr -dynamic-linker /system/bin/linker -X -m armelf_linux_eabi -z noexecstack -z relro -z now -pie -o cmTC_cf694 /home/edward/installation/android-ndk-r10e/platforms/android-16/arch-arm/usr/lib/crtbegin_dynamic.o -L/libs/armeabi-v7a -L/home/edward/installation/android-ndk-r10e/toolchains/arm-linux-androideabi-4.9/prebuilt/linux-x86_64/bin/../lib/gcc/arm-linux-androideabi/4.9/armv7-a -L/home/edward/installation/android-ndk-r10e/toolchains/arm-linux-androideabi-4.9/prebuilt/linux-x86_64/bin/../lib/gcc/arm-linux-androideabi/4.9/../../../../arm-linux-androideabi/lib/armv7-a -L/home/edward/installation/android-ndk-r10e/toolchains/arm-linux-androideabi-4.9/prebuilt/linux-x86_64/bin/../lib/gcc/arm-linux-androideabi/4.9 -L/home/edward/installation/android-ndk-r10e/toolchains/arm-linux-androideabi-4.9/prebuilt/linux-x86_64/bin/../lib/gcc -L/home/edward/installation/android-ndk-r10e/toolchains/arm-linux-androideabi-4.9/prebuilt/linux-x86_64/bin/../lib/gcc/arm-linux-androideabi/4.9/../../../../arm-linux-androideabi/lib -L/home/edward/installation/android-ndk-r10e/platforms/android-16/arch-arm/usr/lib --fix-cortex-a8 --no-undefined --gc-sections -z noexecstack -z relro -z now -z nocopyreloc CMakeFiles/cmTC_cf694.dir/CMakeCXXCompilerABI.cpp.o /home/edward/installation/android-ndk-r10e/sources/cxx-stl/gnu-libstdc++/4.9/libs/armeabi-v7a/libgnustl_static.a /home/edward/installation/android-ndk-r10e/sources/cxx-stl/gnu-libstdc++/4.9/libs/armeabi-v7a/libsupc++.a -lm -lgcc -lc -ldl -lgcc /home/edward/installation/android-ndk-r10e/platforms/android-16/arch-arm/usr/lib/crtend_android.o]
    arg [/home/edward/installation/android-ndk-r10e/toolchains/arm-linux-androideabi-4.9/prebuilt/linux-x86_64/bin/../libexec/gcc/arm-linux-androideabi/4.9/collect2] ==> ignore
    arg [-plugin] ==> ignore
    arg [/home/edward/installation/android-ndk-r10e/toolchains/arm-linux-androideabi-4.9/prebuilt/linux-x86_64/bin/../libexec/gcc/arm-linux-androideabi/4.9/liblto_plugin.so] ==> ignore
    arg [-plugin-opt=/home/edward/installation/android-ndk-r10e/toolchains/arm-linux-androideabi-4.9/prebuilt/linux-x86_64/bin/../libexec/gcc/arm-linux-androideabi/4.9/lto-wrapper] ==> ignore
    arg [-plugin-opt=-fresolution=/tmp/ccLMuxkd.res] ==> ignore
    arg [-plugin-opt=-pass-through=-lgcc] ==> ignore
    arg [-plugin-opt=-pass-through=-lc] ==> ignore
    arg [-plugin-opt=-pass-through=-ldl] ==> ignore
    arg [-plugin-opt=-pass-through=-lgcc] ==> ignore
    arg [--sysroot=/home/edward/installation/android-ndk-r10e/platforms/android-16/arch-arm] ==> ignore
    arg [--eh-frame-hdr] ==> ignore
    arg [-dynamic-linker] ==> ignore
    arg [/system/bin/linker] ==> ignore
    arg [-X] ==> ignore
    arg [-m] ==> ignore
    arg [armelf_linux_eabi] ==> ignore
    arg [-znoexecstack] ==> ignore
    arg [-zrelro] ==> ignore
    arg [-znow] ==> ignore
    arg [-pie] ==> ignore
    arg [-o] ==> ignore
    arg [cmTC_cf694] ==> ignore
    arg [/home/edward/installation/android-ndk-r10e/platforms/android-16/arch-arm/usr/lib/crtbegin_dynamic.o] ==> ignore
    arg [-L/libs/armeabi-v7a] ==> dir [/libs/armeabi-v7a]
    arg [-L/home/edward/installation/android-ndk-r10e/toolchains/arm-linux-androideabi-4.9/prebuilt/linux-x86_64/bin/../lib/gcc/arm-linux-androideabi/4.9/armv7-a] ==> dir [/home/edward/installation/android-ndk-r10e/toolchains/arm-linux-androideabi-4.9/prebuilt/linux-x86_64/bin/../lib/gcc/arm-linux-androideabi/4.9/armv7-a]
    arg [-L/home/edward/installation/android-ndk-r10e/toolchains/arm-linux-androideabi-4.9/prebuilt/linux-x86_64/bin/../lib/gcc/arm-linux-androideabi/4.9/../../../../arm-linux-androideabi/lib/armv7-a] ==> dir [/home/edward/installation/android-ndk-r10e/toolchains/arm-linux-androideabi-4.9/prebuilt/linux-x86_64/bin/../lib/gcc/arm-linux-androideabi/4.9/../../../../arm-linux-androideabi/lib/armv7-a]
    arg [-L/home/edward/installation/android-ndk-r10e/toolchains/arm-linux-androideabi-4.9/prebuilt/linux-x86_64/bin/../lib/gcc/arm-linux-androideabi/4.9] ==> dir [/home/edward/installation/android-ndk-r10e/toolchains/arm-linux-androideabi-4.9/prebuilt/linux-x86_64/bin/../lib/gcc/arm-linux-androideabi/4.9]
    arg [-L/home/edward/installation/android-ndk-r10e/toolchains/arm-linux-androideabi-4.9/prebuilt/linux-x86_64/bin/../lib/gcc] ==> dir [/home/edward/installation/android-ndk-r10e/toolchains/arm-linux-androideabi-4.9/prebuilt/linux-x86_64/bin/../lib/gcc]
    arg [-L/home/edward/installation/android-ndk-r10e/toolchains/arm-linux-androideabi-4.9/prebuilt/linux-x86_64/bin/../lib/gcc/arm-linux-androideabi/4.9/../../../../arm-linux-androideabi/lib] ==> dir [/home/edward/installation/android-ndk-r10e/toolchains/arm-linux-androideabi-4.9/prebuilt/linux-x86_64/bin/../lib/gcc/arm-linux-androideabi/4.9/../../../../arm-linux-androideabi/lib]
    arg [-L/home/edward/installation/android-ndk-r10e/platforms/android-16/arch-arm/usr/lib] ==> dir [/home/edward/installation/android-ndk-r10e/platforms/android-16/arch-arm/usr/lib]
    arg [--fix-cortex-a8] ==> ignore
    arg [--no-undefined] ==> ignore
    arg [--gc-sections] ==> ignore
    arg [-znoexecstack] ==> ignore
    arg [-zrelro] ==> ignore
    arg [-znow] ==> ignore
    arg [-znocopyreloc] ==> ignore
    arg [CMakeFiles/cmTC_cf694.dir/CMakeCXXCompilerABI.cpp.o] ==> ignore
    arg [/home/edward/installation/android-ndk-r10e/sources/cxx-stl/gnu-libstdc++/4.9/libs/armeabi-v7a/libgnustl_static.a] ==> lib [/home/edward/installation/android-ndk-r10e/sources/cxx-stl/gnu-libstdc++/4.9/libs/armeabi-v7a/libgnustl_static.a]
    arg [/home/edward/installation/android-ndk-r10e/sources/cxx-stl/gnu-libstdc++/4.9/libs/armeabi-v7a/libsupc++.a] ==> lib [/home/edward/installation/android-ndk-r10e/sources/cxx-stl/gnu-libstdc++/4.9/libs/armeabi-v7a/libsupc++.a]
    arg [-lm] ==> lib [m]
    arg [-lgcc] ==> lib [gcc]
    arg [-lc] ==> lib [c]
    arg [-ldl] ==> lib [dl]
    arg [-lgcc] ==> lib [gcc]
    arg [/home/edward/installation/android-ndk-r10e/platforms/android-16/arch-arm/usr/lib/crtend_android.o] ==> ignore
  remove lib [gcc]
  remove lib [gcc]
  collapse library dir [/libs/armeabi-v7a] ==> [/libs/armeabi-v7a]
  collapse library dir [/home/edward/installation/android-ndk-r10e/toolchains/arm-linux-androideabi-4.9/prebuilt/linux-x86_64/bin/../lib/gcc/arm-linux-androideabi/4.9/armv7-a] ==> [/home/edward/installation/android-ndk-r10e/toolchains/arm-linux-androideabi-4.9/prebuilt/linux-x86_64/lib/gcc/arm-linux-androideabi/4.9/armv7-a]
  collapse library dir [/home/edward/installation/android-ndk-r10e/toolchains/arm-linux-androideabi-4.9/prebuilt/linux-x86_64/bin/../lib/gcc/arm-linux-androideabi/4.9/../../../../arm-linux-androideabi/lib/armv7-a] ==> [/home/edward/installation/android-ndk-r10e/toolchains/arm-linux-androideabi-4.9/prebuilt/linux-x86_64/arm-linux-androideabi/lib/armv7-a]
  collapse library dir [/home/edward/installation/android-ndk-r10e/toolchains/arm-linux-androideabi-4.9/prebuilt/linux-x86_64/bin/../lib/gcc/arm-linux-androideabi/4.9] ==> [/home/edward/installation/android-ndk-r10e/toolchains/arm-linux-androideabi-4.9/prebuilt/linux-x86_64/lib/gcc/arm-linux-androideabi/4.9]
  collapse library dir [/home/edward/installation/android-ndk-r10e/toolchains/arm-linux-androideabi-4.9/prebuilt/linux-x86_64/bin/../lib/gcc] ==> [/home/edward/installation/android-ndk-r10e/toolchains/arm-linux-androideabi-4.9/prebuilt/linux-x86_64/lib/gcc]
  collapse library dir [/home/edward/installation/android-ndk-r10e/toolchains/arm-linux-androideabi-4.9/prebuilt/linux-x86_64/bin/../lib/gcc/arm-linux-androideabi/4.9/../../../../arm-linux-androideabi/lib] ==> [/home/edward/installation/android-ndk-r10e/toolchains/arm-linux-androideabi-4.9/prebuilt/linux-x86_64/arm-linux-androideabi/lib]
  collapse library dir [/home/edward/installation/android-ndk-r10e/platforms/android-16/arch-arm/usr/lib] ==> [/home/edward/installation/android-ndk-r10e/platforms/android-16/arch-arm/usr/lib]
  implicit libs: [/home/edward/installation/android-ndk-r10e/sources/cxx-stl/gnu-libstdc++/4.9/libs/armeabi-v7a/libgnustl_static.a;/home/edward/installation/android-ndk-r10e/sources/cxx-stl/gnu-libstdc++/4.9/libs/armeabi-v7a/libsupc++.a;m;c;dl]
  implicit dirs: [/libs/armeabi-v7a;/home/edward/installation/android-ndk-r10e/toolchains/arm-linux-androideabi-4.9/prebuilt/linux-x86_64/lib/gcc/arm-linux-androideabi/4.9/armv7-a;/home/edward/installation/android-ndk-r10e/toolchains/arm-linux-androideabi-4.9/prebuilt/linux-x86_64/arm-linux-androideabi/lib/armv7-a;/home/edward/installation/android-ndk-r10e/toolchains/arm-linux-androideabi-4.9/prebuilt/linux-x86_64/lib/gcc/arm-linux-androideabi/4.9;/home/edward/installation/android-ndk-r10e/toolchains/arm-linux-androideabi-4.9/prebuilt/linux-x86_64/lib/gcc;/home/edward/installation/android-ndk-r10e/toolchains/arm-linux-androideabi-4.9/prebuilt/linux-x86_64/arm-linux-androideabi/lib;/home/edward/installation/android-ndk-r10e/platforms/android-16/arch-arm/usr/lib]
  implicit fwks: []




Detecting CXX [-std=c++14] compiler features compiled with the following output:
Change Dir: /home/edward/code/Circle/android-build/CMakeFiles/CMakeTmp

Run Build Command:"/usr/bin/make" "cmTC_92c47/fast"
/usr/bin/make -f CMakeFiles/cmTC_92c47.dir/build.make CMakeFiles/cmTC_92c47.dir/build
make[1]: Entering directory '/home/edward/code/Circle/android-build/CMakeFiles/CMakeTmp'
Building CXX object CMakeFiles/cmTC_92c47.dir/feature_tests.cxx.o
/home/edward/installation/android-ndk-r10e/toolchains/arm-linux-androideabi-4.9/prebuilt/linux-x86_64/bin/arm-linux-androideabi-g++   -DANDROID -isystem /home/edward/installation/android-ndk-r10e/platforms/android-16/arch-arm/usr/include -isystem /home/edward/installation/android-ndk-r10e/sources/cxx-stl/gnu-libstdc++/4.9/include -isystem /home/edward/installation/android-ndk-r10e/sources/cxx-stl/gnu-libstdc++/4.9/libs/armeabi-v7a/include -isystem /home/edward/installation/android-ndk-r10e/sources/cxx-stl/gnu-libstdc++/4.9/include/backward  -Wno-psabi --sysroot=/home/edward/installation/android-ndk-r10e/platforms/android-16/arch-arm -funwind-tables -finline-limit=64 -fsigned-char -no-canonical-prefixes -march=armv7-a -mfloat-abi=softfp -mfpu=vfpv3-d16 -fdata-sections -ffunction-sections -Wa,--noexecstack   -fPIE   -std=c++14 -o CMakeFiles/cmTC_92c47.dir/feature_tests.cxx.o -c /home/edward/code/Circle/android-build/CMakeFiles/feature_tests.cxx
Linking CXX executable cmTC_92c47
/usr/bin/cmake -E cmake_link_script CMakeFiles/cmTC_92c47.dir/link.txt --verbose=1
/home/edward/installation/android-ndk-r10e/toolchains/arm-linux-androideabi-4.9/prebuilt/linux-x86_64/bin/arm-linux-androideabi-gcc -Wno-psabi --sysroot=/home/edward/installation/android-ndk-r10e/platforms/android-16/arch-arm -funwind-tables -finline-limit=64 -fsigned-char -no-canonical-prefixes -march=armv7-a -mfloat-abi=softfp -mfpu=vfpv3-d16 -fdata-sections -ffunction-sections -Wa,--noexecstack     -Wl,--fix-cortex-a8 -Wl,--no-undefined -Wl,--gc-sections -Wl,-z,noexecstack -Wl,-z,relro -Wl,-z,now -Wl,-z,nocopyreloc -fPIE -pie  CMakeFiles/cmTC_92c47.dir/feature_tests.cxx.o -o cmTC_92c47  -L/libs/armeabi-v7a   "/home/edward/installation/android-ndk-r10e/sources/cxx-stl/gnu-libstdc++/4.9/libs/armeabi-v7a/libgnustl_static.a" "/home/edward/installation/android-ndk-r10e/sources/cxx-stl/gnu-libstdc++/4.9/libs/armeabi-v7a/libsupc++.a" -lm
make[1]: Leaving directory '/home/edward/code/Circle/android-build/CMakeFiles/CMakeTmp'


    Feature record: CXX_FEATURE:0cxx_aggregate_default_initializers
    Feature record: CXX_FEATURE:1cxx_alias_templates
    Feature record: CXX_FEATURE:1cxx_alignas
    Feature record: CXX_FEATURE:1cxx_alignof
    Feature record: CXX_FEATURE:1cxx_attributes
    Feature record: CXX_FEATURE:1cxx_attribute_deprecated
    Feature record: CXX_FEATURE:1cxx_auto_type
    Feature record: CXX_FEATURE:1cxx_binary_literals
    Feature record: CXX_FEATURE:1cxx_constexpr
    Feature record: CXX_FEATURE:1cxx_contextual_conversions
    Feature record: CXX_FEATURE:1cxx_decltype
    Feature record: CXX_FEATURE:1cxx_decltype_auto
    Feature record: CXX_FEATURE:1cxx_decltype_incomplete_return_types
    Feature record: CXX_FEATURE:1cxx_default_function_template_args
    Feature record: CXX_FEATURE:1cxx_defaulted_functions
    Feature record: CXX_FEATURE:1cxx_defaulted_move_initializers
    Feature record: CXX_FEATURE:1cxx_delegating_constructors
    Feature record: CXX_FEATURE:1cxx_deleted_functions
    Feature record: CXX_FEATURE:1cxx_digit_separators
    Feature record: CXX_FEATURE:1cxx_enum_forward_declarations
    Feature record: CXX_FEATURE:1cxx_explicit_conversions
    Feature record: CXX_FEATURE:1cxx_extended_friend_declarations
    Feature record: CXX_FEATURE:1cxx_extern_templates
    Feature record: CXX_FEATURE:1cxx_final
    Feature record: CXX_FEATURE:1cxx_func_identifier
    Feature record: CXX_FEATURE:1cxx_generalized_initializers
    Feature record: CXX_FEATURE:1cxx_generic_lambdas
    Feature record: CXX_FEATURE:1cxx_inheriting_constructors
    Feature record: CXX_FEATURE:1cxx_inline_namespaces
    Feature record: CXX_FEATURE:1cxx_lambdas
    Feature record: CXX_FEATURE:1cxx_lambda_init_captures
    Feature record: CXX_FEATURE:1cxx_local_type_template_args
    Feature record: CXX_FEATURE:1cxx_long_long_type
    Feature record: CXX_FEATURE:1cxx_noexcept
    Feature record: CXX_FEATURE:1cxx_nonstatic_member_init
    Feature record: CXX_FEATURE:1cxx_nullptr
    Feature record: CXX_FEATURE:1cxx_override
    Feature record: CXX_FEATURE:1cxx_range_for
    Feature record: CXX_FEATURE:1cxx_raw_string_literals
    Feature record: CXX_FEATURE:1cxx_reference_qualified_functions
    Feature record: CXX_FEATURE:0cxx_relaxed_constexpr
    Feature record: CXX_FEATURE:1cxx_return_type_deduction
    Feature record: CXX_FEATURE:1cxx_right_angle_brackets
    Feature record: CXX_FEATURE:1cxx_rvalue_references
    Feature record: CXX_FEATURE:1cxx_sizeof_member
    Feature record: CXX_FEATURE:1cxx_static_assert
    Feature record: CXX_FEATURE:1cxx_strong_enums
    Feature record: CXX_FEATURE:1cxx_template_template_parameters
    Feature record: CXX_FEATURE:1cxx_thread_local
    Feature record: CXX_FEATURE:1cxx_trailing_return_types
    Feature record: CXX_FEATURE:1cxx_unicode_literals
    Feature record: CXX_FEATURE:1cxx_uniform_initialization
    Feature record: CXX_FEATURE:1cxx_unrestricted_unions
    Feature record: CXX_FEATURE:1cxx_user_literals
    Feature record: CXX_FEATURE:0cxx_variable_templates
    Feature record: CXX_FEATURE:1cxx_variadic_macros
    Feature record: CXX_FEATURE:1cxx_variadic_templates


Detecting CXX [-std=c++11] compiler features compiled with the following output:
Change Dir: /home/edward/code/Circle/android-build/CMakeFiles/CMakeTmp

Run Build Command:"/usr/bin/make" "cmTC_3200d/fast"
/usr/bin/make -f CMakeFiles/cmTC_3200d.dir/build.make CMakeFiles/cmTC_3200d.dir/build
make[1]: Entering directory '/home/edward/code/Circle/android-build/CMakeFiles/CMakeTmp'
Building CXX object CMakeFiles/cmTC_3200d.dir/feature_tests.cxx.o
/home/edward/installation/android-ndk-r10e/toolchains/arm-linux-androideabi-4.9/prebuilt/linux-x86_64/bin/arm-linux-androideabi-g++   -DANDROID -isystem /home/edward/installation/android-ndk-r10e/platforms/android-16/arch-arm/usr/include -isystem /home/edward/installation/android-ndk-r10e/sources/cxx-stl/gnu-libstdc++/4.9/include -isystem /home/edward/installation/android-ndk-r10e/sources/cxx-stl/gnu-libstdc++/4.9/libs/armeabi-v7a/include -isystem /home/edward/installation/android-ndk-r10e/sources/cxx-stl/gnu-libstdc++/4.9/include/backward  -Wno-psabi --sysroot=/home/edward/installation/android-ndk-r10e/platforms/android-16/arch-arm -funwind-tables -finline-limit=64 -fsigned-char -no-canonical-prefixes -march=armv7-a -mfloat-abi=softfp -mfpu=vfpv3-d16 -fdata-sections -ffunction-sections -Wa,--noexecstack   -fPIE   -std=c++11 -o CMakeFiles/cmTC_3200d.dir/feature_tests.cxx.o -c /home/edward/code/Circle/android-build/CMakeFiles/feature_tests.cxx
Linking CXX executable cmTC_3200d
/usr/bin/cmake -E cmake_link_script CMakeFiles/cmTC_3200d.dir/link.txt --verbose=1
/home/edward/installation/android-ndk-r10e/toolchains/arm-linux-androideabi-4.9/prebuilt/linux-x86_64/bin/arm-linux-androideabi-gcc -Wno-psabi --sysroot=/home/edward/installation/android-ndk-r10e/platforms/android-16/arch-arm -funwind-tables -finline-limit=64 -fsigned-char -no-canonical-prefixes -march=armv7-a -mfloat-abi=softfp -mfpu=vfpv3-d16 -fdata-sections -ffunction-sections -Wa,--noexecstack     -Wl,--fix-cortex-a8 -Wl,--no-undefined -Wl,--gc-sections -Wl,-z,noexecstack -Wl,-z,relro -Wl,-z,now -Wl,-z,nocopyreloc -fPIE -pie  CMakeFiles/cmTC_3200d.dir/feature_tests.cxx.o -o cmTC_3200d  -L/libs/armeabi-v7a   "/home/edward/installation/android-ndk-r10e/sources/cxx-stl/gnu-libstdc++/4.9/libs/armeabi-v7a/libgnustl_static.a" "/home/edward/installation/android-ndk-r10e/sources/cxx-stl/gnu-libstdc++/4.9/libs/armeabi-v7a/libsupc++.a" -lm
make[1]: Leaving directory '/home/edward/code/Circle/android-build/CMakeFiles/CMakeTmp'


    Feature record: CXX_FEATURE:0cxx_aggregate_default_initializers
    Feature record: CXX_FEATURE:1cxx_alias_templates
    Feature record: CXX_FEATURE:1cxx_alignas
    Feature record: CXX_FEATURE:1cxx_alignof
    Feature record: CXX_FEATURE:1cxx_attributes
    Feature record: CXX_FEATURE:0cxx_attribute_deprecated
    Feature record: CXX_FEATURE:1cxx_auto_type
    Feature record: CXX_FEATURE:0cxx_binary_literals
    Feature record: CXX_FEATURE:1cxx_constexpr
    Feature record: CXX_FEATURE:0cxx_contextual_conversions
    Feature record: CXX_FEATURE:1cxx_decltype
    Feature record: CXX_FEATURE:0cxx_decltype_auto
    Feature record: CXX_FEATURE:1cxx_decltype_incomplete_return_types
    Feature record: CXX_FEATURE:1cxx_default_function_template_args
    Feature record: CXX_FEATURE:1cxx_defaulted_functions
    Feature record: CXX_FEATURE:1cxx_defaulted_move_initializers
    Feature record: CXX_FEATURE:1cxx_delegating_constructors
    Feature record: CXX_FEATURE:1cxx_deleted_functions
    Feature record: CXX_FEATURE:0cxx_digit_separators
    Feature record: CXX_FEATURE:1cxx_enum_forward_declarations
    Feature record: CXX_FEATURE:1cxx_explicit_conversions
    Feature record: CXX_FEATURE:1cxx_extended_friend_declarations
    Feature record: CXX_FEATURE:1cxx_extern_templates
    Feature record: CXX_FEATURE:1cxx_final
    Feature record: CXX_FEATURE:1cxx_func_identifier
    Feature record: CXX_FEATURE:1cxx_generalized_initializers
    Feature record: CXX_FEATURE:0cxx_generic_lambdas
    Feature record: CXX_FEATURE:1cxx_inheriting_constructors
    Feature record: CXX_FEATURE:1cxx_inline_namespaces
    Feature record: CXX_FEATURE:1cxx_lambdas
    Feature record: CXX_FEATURE:0cxx_lambda_init_captures
    Feature record: CXX_FEATURE:1cxx_local_type_template_args
    Feature record: CXX_FEATURE:1cxx_long_long_type
    Feature record: CXX_FEATURE:1cxx_noexcept
    Feature record: CXX_FEATURE:1cxx_nonstatic_member_init
    Feature record: CXX_FEATURE:1cxx_nullptr
    Feature record: CXX_FEATURE:1cxx_override
    Feature record: CXX_FEATURE:1cxx_range_for
    Feature record: CXX_FEATURE:1cxx_raw_string_literals
    Feature record: CXX_FEATURE:1cxx_reference_qualified_functions
    Feature record: CXX_FEATURE:0cxx_relaxed_constexpr
    Feature record: CXX_FEATURE:0cxx_return_type_deduction
    Feature record: CXX_FEATURE:1cxx_right_angle_brackets
    Feature record: CXX_FEATURE:1cxx_rvalue_references
    Feature record: CXX_FEATURE:1cxx_sizeof_member
    Feature record: CXX_FEATURE:1cxx_static_assert
    Feature record: CXX_FEATURE:1cxx_strong_enums
    Feature record: CXX_FEATURE:1cxx_template_template_parameters
    Feature record: CXX_FEATURE:1cxx_thread_local
    Feature record: CXX_FEATURE:1cxx_trailing_return_types
    Feature record: CXX_FEATURE:1cxx_unicode_literals
    Feature record: CXX_FEATURE:1cxx_uniform_initialization
    Feature record: CXX_FEATURE:1cxx_unrestricted_unions
    Feature record: CXX_FEATURE:1cxx_user_literals
    Feature record: CXX_FEATURE:0cxx_variable_templates
    Feature record: CXX_FEATURE:1cxx_variadic_macros
    Feature record: CXX_FEATURE:1cxx_variadic_templates


Detecting CXX [-std=c++98] compiler features compiled with the following output:
Change Dir: /home/edward/code/Circle/android-build/CMakeFiles/CMakeTmp

Run Build Command:"/usr/bin/make" "cmTC_bc1ba/fast"
/usr/bin/make -f CMakeFiles/cmTC_bc1ba.dir/build.make CMakeFiles/cmTC_bc1ba.dir/build
make[1]: Entering directory '/home/edward/code/Circle/android-build/CMakeFiles/CMakeTmp'
Building CXX object CMakeFiles/cmTC_bc1ba.dir/feature_tests.cxx.o
/home/edward/installation/android-ndk-r10e/toolchains/arm-linux-androideabi-4.9/prebuilt/linux-x86_64/bin/arm-linux-androideabi-g++   -DANDROID -isystem /home/edward/installation/android-ndk-r10e/platforms/android-16/arch-arm/usr/include -isystem /home/edward/installation/android-ndk-r10e/sources/cxx-stl/gnu-libstdc++/4.9/include -isystem /home/edward/installation/android-ndk-r10e/sources/cxx-stl/gnu-libstdc++/4.9/libs/armeabi-v7a/include -isystem /home/edward/installation/android-ndk-r10e/sources/cxx-stl/gnu-libstdc++/4.9/include/backward  -Wno-psabi --sysroot=/home/edward/installation/android-ndk-r10e/platforms/android-16/arch-arm -funwind-tables -finline-limit=64 -fsigned-char -no-canonical-prefixes -march=armv7-a -mfloat-abi=softfp -mfpu=vfpv3-d16 -fdata-sections -ffunction-sections -Wa,--noexecstack   -fPIE   -std=c++98 -o CMakeFiles/cmTC_bc1ba.dir/feature_tests.cxx.o -c /home/edward/code/Circle/android-build/CMakeFiles/feature_tests.cxx
Linking CXX executable cmTC_bc1ba
/usr/bin/cmake -E cmake_link_script CMakeFiles/cmTC_bc1ba.dir/link.txt --verbose=1
/home/edward/installation/android-ndk-r10e/toolchains/arm-linux-androideabi-4.9/prebuilt/linux-x86_64/bin/arm-linux-androideabi-gcc -Wno-psabi --sysroot=/home/edward/installation/android-ndk-r10e/platforms/android-16/arch-arm -funwind-tables -finline-limit=64 -fsigned-char -no-canonical-prefixes -march=armv7-a -mfloat-abi=softfp -mfpu=vfpv3-d16 -fdata-sections -ffunction-sections -Wa,--noexecstack     -Wl,--fix-cortex-a8 -Wl,--no-undefined -Wl,--gc-sections -Wl,-z,noexecstack -Wl,-z,relro -Wl,-z,now -Wl,-z,nocopyreloc -fPIE -pie  CMakeFiles/cmTC_bc1ba.dir/feature_tests.cxx.o -o cmTC_bc1ba  -L/libs/armeabi-v7a   "/home/edward/installation/android-ndk-r10e/sources/cxx-stl/gnu-libstdc++/4.9/libs/armeabi-v7a/libgnustl_static.a" "/home/edward/installation/android-ndk-r10e/sources/cxx-stl/gnu-libstdc++/4.9/libs/armeabi-v7a/libsupc++.a" -lm
make[1]: Leaving directory '/home/edward/code/Circle/android-build/CMakeFiles/CMakeTmp'


    Feature record: CXX_FEATURE:0cxx_aggregate_default_initializers
    Feature record: CXX_FEATURE:0cxx_alias_templates
    Feature record: CXX_FEATURE:0cxx_alignas
    Feature record: CXX_FEATURE:0cxx_alignof
    Feature record: CXX_FEATURE:0cxx_attributes
    Feature record: CXX_FEATURE:0cxx_attribute_deprecated
    Feature record: CXX_FEATURE:0cxx_auto_type
    Feature record: CXX_FEATURE:0cxx_binary_literals
    Feature record: CXX_FEATURE:0cxx_constexpr
    Feature record: CXX_FEATURE:0cxx_contextual_conversions
    Feature record: CXX_FEATURE:0cxx_decltype
    Feature record: CXX_FEATURE:0cxx_decltype_auto
    Feature record: CXX_FEATURE:0cxx_decltype_incomplete_return_types
    Feature record: CXX_FEATURE:0cxx_default_function_template_args
    Feature record: CXX_FEATURE:0cxx_defaulted_functions
    Feature record: CXX_FEATURE:0cxx_defaulted_move_initializers
    Feature record: CXX_FEATURE:0cxx_delegating_constructors
    Feature record: CXX_FEATURE:0cxx_deleted_functions
    Feature record: CXX_FEATURE:0cxx_digit_separators
    Feature record: CXX_FEATURE:0cxx_enum_forward_declarations
    Feature record: CXX_FEATURE:0cxx_explicit_conversions
    Feature record: CXX_FEATURE:0cxx_extended_friend_declarations
    Feature record: CXX_FEATURE:0cxx_extern_templates
    Feature record: CXX_FEATURE:0cxx_final
    Feature record: CXX_FEATURE:0cxx_func_identifier
    Feature record: CXX_FEATURE:0cxx_generalized_initializers
    Feature record: CXX_FEATURE:0cxx_generic_lambdas
    Feature record: CXX_FEATURE:0cxx_inheriting_constructors
    Feature record: CXX_FEATURE:0cxx_inline_namespaces
    Feature record: CXX_FEATURE:0cxx_lambdas
    Feature record: CXX_FEATURE:0cxx_lambda_init_captures
    Feature record: CXX_FEATURE:0cxx_local_type_template_args
    Feature record: CXX_FEATURE:0cxx_long_long_type
    Feature record: CXX_FEATURE:0cxx_noexcept
    Feature record: CXX_FEATURE:0cxx_nonstatic_member_init
    Feature record: CXX_FEATURE:0cxx_nullptr
    Feature record: CXX_FEATURE:0cxx_override
    Feature record: CXX_FEATURE:0cxx_range_for
    Feature record: CXX_FEATURE:0cxx_raw_string_literals
    Feature record: CXX_FEATURE:0cxx_reference_qualified_functions
    Feature record: CXX_FEATURE:0cxx_relaxed_constexpr
    Feature record: CXX_FEATURE:0cxx_return_type_deduction
    Feature record: CXX_FEATURE:0cxx_right_angle_brackets
    Feature record: CXX_FEATURE:0cxx_rvalue_references
    Feature record: CXX_FEATURE:0cxx_sizeof_member
    Feature record: CXX_FEATURE:0cxx_static_assert
    Feature record: CXX_FEATURE:0cxx_strong_enums
    Feature record: CXX_FEATURE:1cxx_template_template_parameters
    Feature record: CXX_FEATURE:0cxx_thread_local
    Feature record: CXX_FEATURE:0cxx_trailing_return_types
    Feature record: CXX_FEATURE:0cxx_unicode_literals
    Feature record: CXX_FEATURE:0cxx_uniform_initialization
    Feature record: CXX_FEATURE:0cxx_unrestricted_unions
    Feature record: CXX_FEATURE:0cxx_user_literals
    Feature record: CXX_FEATURE:0cxx_variable_templates
    Feature record: CXX_FEATURE:0cxx_variadic_macros
    Feature record: CXX_FEATURE:0cxx_variadic_templates
